
87. Printing statistics.

=== counter_16b ===

   Number of wires:                 54
   Number of wire bits:             69
   Number of public wires:           5
   Number of public wire bits:      20
   Number of memories:               0
   Number of memory bits:            0
   Number of processes:              0
   Number of cells:                 66
     sky130_fd_sc_hd__a21oi_2       10
     sky130_fd_sc_hd__and2_2         3
     sky130_fd_sc_hd__and3_2         6
     sky130_fd_sc_hd__and4_2         3
     sky130_fd_sc_hd__buf_1          6
     sky130_fd_sc_hd__dfxtp_2       16
     sky130_fd_sc_hd__nor2_2         6
     sky130_fd_sc_hd__nor3_2         5
     sky130_fd_sc_hd__o21a_2        11

   Chip area for module '\counter_16b': 731.952000

