
86. Executing CHECK pass (checking for obvious problems).
Checking module counter_16b...
Warning: Wire counter_16b.\count_tc is used but has no driver.
Warning: Wire counter_16b.\count [15] is used but has no driver.
Warning: Wire counter_16b.\count [14] is used but has no driver.
Warning: Wire counter_16b.\count [13] is used but has no driver.
Warning: Wire counter_16b.\count [12] is used but has no driver.
Warning: Wire counter_16b.\count [11] is used but has no driver.
Warning: Wire counter_16b.\count [10] is used but has no driver.
Warning: Wire counter_16b.\count [9] is used but has no driver.
Warning: Wire counter_16b.\count [8] is used but has no driver.
Warning: Wire counter_16b.\count [7] is used but has no driver.
Warning: Wire counter_16b.\count [6] is used but has no driver.
Warning: Wire counter_16b.\count [5] is used but has no driver.
Warning: Wire counter_16b.\count [4] is used but has no driver.
Warning: Wire counter_16b.\count [3] is used but has no driver.
Warning: Wire counter_16b.\count [2] is used but has no driver.
Warning: Wire counter_16b.\count [1] is used but has no driver.
Warning: Wire counter_16b.\count [0] is used but has no driver.
Found and reported 17 problems.
