
96. Printing statistics.

=== counter_16b ===

   Number of wires:                 95
   Number of wire bits:            110
   Number of public wires:           5
   Number of public wire bits:      20
   Number of memories:               0
   Number of memory bits:            0
   Number of processes:              0
   Number of cells:                107
     sky130_fd_sc_hd__a21oi_2        1
     sky130_fd_sc_hd__a21oi_4        2
     sky130_fd_sc_hd__and2_2         2
     sky130_fd_sc_hd__and3_2         3
     sky130_fd_sc_hd__and3_4         1
     sky130_fd_sc_hd__buf_1          3
     sky130_fd_sc_hd__buf_2          1
     sky130_fd_sc_hd__buf_6          3
     sky130_fd_sc_hd__dfxtp_2       16
     sky130_fd_sc_hd__inv_2         16
     sky130_fd_sc_hd__nand2_2       18
     sky130_fd_sc_hd__nand2_4        1
     sky130_fd_sc_hd__nand2b_2       1
     sky130_fd_sc_hd__nand3_2        6
     sky130_fd_sc_hd__nand3b_2       1
     sky130_fd_sc_hd__nor2_2        13
     sky130_fd_sc_hd__nor2_4         5
     sky130_fd_sc_hd__nor2_8         2
     sky130_fd_sc_hd__nor3_2         1
     sky130_fd_sc_hd__nor3_4         2
     sky130_fd_sc_hd__nor3b_4        1
     sky130_fd_sc_hd__o211a_2        1
     sky130_fd_sc_hd__o21a_2         2
     sky130_fd_sc_hd__o21ai_2        2
     sky130_fd_sc_hd__or2_2          1
     sky130_fd_sc_hd__or2_4          2

   Chip area for module '\counter_16b': 1052.259200

