OpenROAD 944855835623e651e7b9c7c50efcce1fb04b4fee 
This program is licensed under the BSD-3 license. See the LICENSE file for details.
Components of this program may be licensed under more restrictive licenses which must be honored.
[INFO ODB-0222] Reading LEF file: /openlane/designs/counter_16b/runs/RUN_2022.03.17_11.20.16/tmp/merged_unpadded.lef
[INFO ODB-0223]     Created 13 technology layers
[INFO ODB-0224]     Created 25 technology vias
[INFO ODB-0225]     Created 441 library cells
[INFO ODB-0226] Finished LEF file:  /openlane/designs/counter_16b/runs/RUN_2022.03.17_11.20.16/tmp/merged_unpadded.lef
[WARNING ORD-0033] -order_wires is deprecated.
[INFO ODB-0127] Reading DEF file: /openlane/designs/counter_16b/runs/RUN_2022.03.17_11.20.16/results/routing/counter_16b.def
[INFO ODB-0128] Design: counter_16b
[INFO ODB-0130]     Created 22 pins.
[INFO ODB-0131]     Created 521 components and 2300 component-terminals.
[INFO ODB-0132]     Created 2 special nets and 1984 connections.
[INFO ODB-0133]     Created 103 nets and 316 connections.
[INFO ODB-0134] Finished DEF file: /openlane/designs/counter_16b/runs/RUN_2022.03.17_11.20.16/results/routing/counter_16b.def
[WARNING STA-0357] virtual clock clk can not be propagated.
[INFO]: Setting RC values...
[INFO RCX-0431] Defined process_corner X with ext_model_index 0
[INFO RCX-0029] Defined extraction corner X
[INFO RCX-0008] extracting parasitics of counter_16b ...
Notice 0: Split top of 36 T shapes.
[INFO RCX-0435] Reading extraction model file /home/adithi/OpenLane/pdks/sky130A/libs.tech/openlane/rcx_rules.info ...
[INFO RCX-0436] RC segment generation counter_16b (max_merge_res 50.0) ...
[INFO RCX-0040] Final 377 rc segments
[INFO RCX-0439] Coupling Cap extraction counter_16b ...
[INFO RCX-0440] Coupling threshhold is 0.1000 fF, coupling capacitance less than 0.1000 fF will be grounded.
[INFO RCX-0043] 639 wires to be extracted
[INFO RCX-0442] 52% completion -- 338 wires have been extracted
[INFO RCX-0442] 100% completion -- 639 wires have been extracted
[INFO RCX-0045] Extract 103 nets, 480 rsegs, 480 caps, 520 ccs
[INFO RCX-0015] Finished extracting counter_16b.
[INFO RCX-0016] Writing SPEF ...
[INFO RCX-0443] 103 nets finished
[INFO RCX-0017] Finished writing SPEF ...
