
===========================================================================
report_checks -path_delay max (Setup)
============================================================================
Startpoint: count_en (input port clocked by clk)
Endpoint: count_tc (output port clocked by clk)
Path Group: clk
Path Type: max

Fanout     Cap    Slew   Delay    Time   Description
-----------------------------------------------------------------------------
                  0.00    0.00    0.00   clock clk (rise edge)
                          0.00    0.00   clock network delay (ideal)
                          2.00    2.00 ^ input external delay
                  0.07    0.05    2.05 ^ count_en (in)
     4    0.01                           count_en (net)
                  0.07    0.00    2.05 ^ _063_/A (sky130_fd_sc_hd__and3_2)
                  0.07    0.19    2.24 ^ _063_/X (sky130_fd_sc_hd__and3_2)
     4    0.01                           _016_ (net)
                  0.07    0.00    2.24 ^ _066_/B (sky130_fd_sc_hd__and4_2)
                  0.06    0.23    2.47 ^ _066_/X (sky130_fd_sc_hd__and4_2)
     2    0.00                           _019_ (net)
                  0.06    0.00    2.47 ^ _067_/A (sky130_fd_sc_hd__buf_1)
                  0.15    0.17    2.64 ^ _067_/X (sky130_fd_sc_hd__buf_1)
     5    0.01                           _020_ (net)
                  0.15    0.00    2.64 ^ _070_/B (sky130_fd_sc_hd__and4_2)
                  0.05    0.24    2.88 ^ _070_/X (sky130_fd_sc_hd__and4_2)
     1    0.00                           _023_ (net)
                  0.05    0.00    2.88 ^ _071_/A (sky130_fd_sc_hd__buf_1)
                  0.46    0.36    3.24 ^ _071_/X (sky130_fd_sc_hd__buf_1)
     2    0.04                           count_tc (net)
                  0.46    0.00    3.24 ^ count_tc (out)
                                  3.24   data arrival time

                  0.00   10.00   10.00   clock clk (rise edge)
                          0.00   10.00   clock network delay (ideal)
                         -0.25    9.75   clock uncertainty
                          0.00    9.75   clock reconvergence pessimism
                         -2.00    7.75   output external delay
                                  7.75   data required time
-----------------------------------------------------------------------------
                                  7.75   data required time
                                 -3.24   data arrival time
-----------------------------------------------------------------------------
                                  4.51   slack (MET)


Startpoint: _127_ (rising edge-triggered flip-flop)
Endpoint: count[0] (output port clocked by clk)
Path Group: clk
Path Type: max

Fanout     Cap    Slew   Delay    Time   Description
-----------------------------------------------------------------------------
                  0.15    0.00    0.00 ^ _127_/CLK (sky130_fd_sc_hd__dfxtp_2)
                  0.25    0.50    0.50 ^ _127_/Q (sky130_fd_sc_hd__dfxtp_2)
     5    0.05                           count[0] (net)
                  0.25    0.00    0.51 ^ count[0] (out)
                                  0.51   data arrival time

                  0.00   10.00   10.00   clock clk (rise edge)
                          0.00   10.00   clock network delay (ideal)
                         -0.25    9.75   clock uncertainty
                          0.00    9.75   clock reconvergence pessimism
                         -2.00    7.75   output external delay
                                  7.75   data required time
-----------------------------------------------------------------------------
                                  7.75   data required time
                                 -0.51   data arrival time
-----------------------------------------------------------------------------
                                  7.24   slack (MET)


Startpoint: _129_ (rising edge-triggered flip-flop)
Endpoint: count[2] (output port clocked by clk)
Path Group: clk
Path Type: max

Fanout     Cap    Slew   Delay    Time   Description
-----------------------------------------------------------------------------
                  0.15    0.00    0.00 ^ _129_/CLK (sky130_fd_sc_hd__dfxtp_2)
                  0.24    0.50    0.50 ^ _129_/Q (sky130_fd_sc_hd__dfxtp_2)
     5    0.05                           count[2] (net)
                  0.24    0.00    0.50 ^ count[2] (out)
                                  0.50   data arrival time

                  0.00   10.00   10.00   clock clk (rise edge)
                          0.00   10.00   clock network delay (ideal)
                         -0.25    9.75   clock uncertainty
                          0.00    9.75   clock reconvergence pessimism
                         -2.00    7.75   output external delay
                                  7.75   data required time
-----------------------------------------------------------------------------
                                  7.75   data required time
                                 -0.50   data arrival time
-----------------------------------------------------------------------------
                                  7.25   slack (MET)


Startpoint: _133_ (rising edge-triggered flip-flop)
Endpoint: count[6] (output port clocked by clk)
Path Group: clk
Path Type: max

Fanout     Cap    Slew   Delay    Time   Description
-----------------------------------------------------------------------------
                  0.15    0.00    0.00 ^ _133_/CLK (sky130_fd_sc_hd__dfxtp_2)
                  0.23    0.49    0.49 ^ _133_/Q (sky130_fd_sc_hd__dfxtp_2)
     5    0.04                           count[6] (net)
                  0.23    0.00    0.49 ^ count[6] (out)
                                  0.49   data arrival time

                  0.00   10.00   10.00   clock clk (rise edge)
                          0.00   10.00   clock network delay (ideal)
                         -0.25    9.75   clock uncertainty
                          0.00    9.75   clock reconvergence pessimism
                         -2.00    7.75   output external delay
                                  7.75   data required time
-----------------------------------------------------------------------------
                                  7.75   data required time
                                 -0.49   data arrival time
-----------------------------------------------------------------------------
                                  7.26   slack (MET)


Startpoint: _137_ (rising edge-triggered flip-flop)
Endpoint: count[10] (output port clocked by clk)
Path Group: clk
Path Type: max

Fanout     Cap    Slew   Delay    Time   Description
-----------------------------------------------------------------------------
                  0.15    0.00    0.00 ^ _137_/CLK (sky130_fd_sc_hd__dfxtp_2)
                  0.23    0.49    0.49 ^ _137_/Q (sky130_fd_sc_hd__dfxtp_2)
     5    0.04                           count[10] (net)
                  0.23    0.00    0.49 ^ count[10] (out)
                                  0.49   data arrival time

                  0.00   10.00   10.00   clock clk (rise edge)
                          0.00   10.00   clock network delay (ideal)
                         -0.25    9.75   clock uncertainty
                          0.00    9.75   clock reconvergence pessimism
                         -2.00    7.75   output external delay
                                  7.75   data required time
-----------------------------------------------------------------------------
                                  7.75   data required time
                                 -0.49   data arrival time
-----------------------------------------------------------------------------
                                  7.26   slack (MET)


