
 /----------------------------------------------------------------------------\
 |                                                                            |
 |  yosys -- Yosys Open SYnthesis Suite                                       |
 |                                                                            |
 |  Copyright (C) 2012 - 2020  Claire Xenia Wolf <claire@yosyshq.com>         |
 |                                                                            |
 |  Permission to use, copy, modify, and/or distribute this software for any  |
 |  purpose with or without fee is hereby granted, provided that the above    |
 |  copyright notice and this permission notice appear in all copies.         |
 |                                                                            |
 |  THE SOFTWARE IS PROVIDED "AS IS" AND THE AUTHOR DISCLAIMS ALL WARRANTIES  |
 |  WITH REGARD TO THIS SOFTWARE INCLUDING ALL IMPLIED WARRANTIES OF          |
 |  MERCHANTABILITY AND FITNESS. IN NO EVENT SHALL THE AUTHOR BE LIABLE FOR   |
 |  ANY SPECIAL, DIRECT, INDIRECT, OR CONSEQUENTIAL DAMAGES OR ANY DAMAGES    |
 |  WHATSOEVER RESULTING FROM LOSS OF USE, DATA OR PROFITS, WHETHER IN AN     |
 |  ACTION OF CONTRACT, NEGLIGENCE OR OTHER TORTIOUS ACTION, ARISING OUT OF   |
 |  OR IN CONNECTION WITH THE USE OR PERFORMANCE OF THIS SOFTWARE.            |
 |                                                                            |
 \----------------------------------------------------------------------------/

 Yosys 0.12+45 (git sha1 UNKNOWN, gcc 8.3.1 -fPIC -Os)

[TCL: yosys -import] Command name collision: found pre-existing command `cd' -> skip.
[TCL: yosys -import] Command name collision: found pre-existing command `eval' -> skip.
[TCL: yosys -import] Command name collision: found pre-existing command `exec' -> skip.
[TCL: yosys -import] Command name collision: found pre-existing command `read' -> skip.
[TCL: yosys -import] Command name collision: found pre-existing command `trace' -> skip.

1. Executing Verilog-2005 frontend: /openlane/designs/counter_16b/src/counter_16b.v
Parsing SystemVerilog input from `/openlane/designs/counter_16b/src/counter_16b.v' to AST representation.
Generating RTLIL representation for module `\counter_16b'.
Successfully finished Verilog frontend.

2. Generating Graphviz representation of design.
Writing dot description to `/openlane/designs/counter_16b/runs/RUN_2022.03.17_11.18.36/tmp/synthesis/hierarchy.dot'.
Dumping module counter_16b to page 1.

3. Executing HIERARCHY pass (managing design hierarchy).

3.1. Analyzing design hierarchy..
Top module:  \counter_16b

3.2. Analyzing design hierarchy..
Top module:  \counter_16b
Removed 0 unused modules.

4. Executing TRIBUF pass.

5. Executing SYNTH pass.

5.1. Executing HIERARCHY pass (managing design hierarchy).

5.1.1. Analyzing design hierarchy..
Top module:  \counter_16b

5.1.2. Analyzing design hierarchy..
Top module:  \counter_16b
Removed 0 unused modules.

5.2. Executing PROC pass (convert processes to netlists).

5.2.1. Executing PROC_CLEAN pass (remove empty switches from decision trees).
Cleaned up 0 empty switches.

5.2.2. Executing PROC_RMDEAD pass (remove dead branches from decision trees).
Marked 1 switch rules as full_case in process $proc$/openlane/designs/counter_16b/src/counter_16b.v:8$4 in module counter_16b.
Removed a total of 0 dead cases.

5.2.3. Executing PROC_PRUNE pass (remove redundant assignments in processes).
Removed 0 redundant assignments.
Promoted 0 assignments to connections.

5.2.4. Executing PROC_INIT pass (extract init attributes).

5.2.5. Executing PROC_ARST pass (detect async resets in processes).

5.2.6. Executing PROC_MUX pass (convert decision trees to multiplexers).
Creating decoders for process `\counter_16b.$proc$/openlane/designs/counter_16b/src/counter_16b.v:8$4'.
     1/1: $0\count[15:0]

5.2.7. Executing PROC_DLATCH pass (convert process syncs to latches).

5.2.8. Executing PROC_DFF pass (convert process syncs to FFs).
Creating register for signal `\counter_16b.\count' using process `\counter_16b.$proc$/openlane/designs/counter_16b/src/counter_16b.v:8$4'.
  created $dff cell `$procdff$11' with positive edge clock.

5.2.9. Executing PROC_MEMWR pass (convert process memory writes to cells).

5.2.10. Executing PROC_CLEAN pass (remove empty switches from decision trees).
Found and cleaned up 2 empty switches in `\counter_16b.$proc$/openlane/designs/counter_16b/src/counter_16b.v:8$4'.
Removing empty process `counter_16b.$proc$/openlane/designs/counter_16b/src/counter_16b.v:8$4'.
Cleaned up 2 empty switches.

5.2.11. Executing OPT_EXPR pass (perform const folding).
Optimizing module counter_16b.

5.3. Executing FLATTEN pass (flatten design).

5.4. Executing OPT_EXPR pass (perform const folding).
Optimizing module counter_16b.

5.5. Executing OPT_CLEAN pass (remove unused cells and wires).
Finding unused cells or wires in module \counter_16b..
Removed 0 unused cells and 4 unused wires.
<suppressed ~1 debug messages>

5.6. Executing CHECK pass (checking for obvious problems).
Checking module counter_16b...
Found and reported 0 problems.

5.7. Executing OPT pass (performing simple optimizations).

5.7.1. Executing OPT_EXPR pass (perform const folding).
Optimizing module counter_16b.

5.7.2. Executing OPT_MERGE pass (detect identical cells).
Finding identical cells in module `\counter_16b'.
Removed a total of 0 cells.

5.7.3. Executing OPT_MUXTREE pass (detect dead branches in mux trees).
Running muxtree optimizer on module \counter_16b..
  Creating internal representation of mux trees.
  Evaluating internal representation of mux trees.
  Analyzing evaluation results.
Removed 0 multiplexer ports.
<suppressed ~2 debug messages>

5.7.4. Executing OPT_REDUCE pass (consolidate $*mux and $reduce_* inputs).
  Optimizing cells in module \counter_16b.
Performed a total of 0 changes.

5.7.5. Executing OPT_MERGE pass (detect identical cells).
Finding identical cells in module `\counter_16b'.
Removed a total of 0 cells.

5.7.6. Executing OPT_DFF pass (perform DFF optimizations).

5.7.7. Executing OPT_CLEAN pass (remove unused cells and wires).
Finding unused cells or wires in module \counter_16b..

5.7.8. Executing OPT_EXPR pass (perform const folding).
Optimizing module counter_16b.

5.7.9. Finished OPT passes. (There is nothing left to do.)

5.8. Executing FSM pass (extract and optimize FSM).

5.8.1. Executing FSM_DETECT pass (finding FSMs in design).

5.8.2. Executing FSM_EXTRACT pass (extracting FSM from design).

5.8.3. Executing FSM_OPT pass (simple optimizations of FSMs).

5.8.4. Executing OPT_CLEAN pass (remove unused cells and wires).
Finding unused cells or wires in module \counter_16b..

5.8.5. Executing FSM_OPT pass (simple optimizations of FSMs).

5.8.6. Executing FSM_RECODE pass (re-assigning FSM state encoding).

5.8.7. Executing FSM_INFO pass (dumping all available information on FSM cells).

5.8.8. Executing FSM_MAP pass (mapping FSMs to basic logic).

5.9. Executing OPT pass (performing simple optimizations).

5.9.1. Executing OPT_EXPR pass (perform const folding).
Optimizing module counter_16b.

5.9.2. Executing OPT_MERGE pass (detect identical cells).
Finding identical cells in module `\counter_16b'.
Removed a total of 0 cells.

5.9.3. Executing OPT_MUXTREE pass (detect dead branches in mux trees).
Running muxtree optimizer on module \counter_16b..
  Creating internal representation of mux trees.
  Evaluating internal representation of mux trees.
  Analyzing evaluation results.
Removed 0 multiplexer ports.
<suppressed ~2 debug messages>

5.9.4. Executing OPT_REDUCE pass (consolidate $*mux and $reduce_* inputs).
  Optimizing cells in module \counter_16b.
Performed a total of 0 changes.

5.9.5. Executing OPT_MERGE pass (detect identical cells).
Finding identical cells in module `\counter_16b'.
Removed a total of 0 cells.

5.9.6. Executing OPT_DFF pass (perform DFF optimizations).
Adding SRST signal on $procdff$11 ($dff) from module counter_16b (D = $procmux$6_Y, Q = \count, rval = 16'0000000000000000).
Adding EN signal on $auto$ff.cc:262:slice$12 ($sdff) from module counter_16b (D = $add$/openlane/designs/counter_16b/src/counter_16b.v:13$5_Y, Q = \count).

5.9.7. Executing OPT_CLEAN pass (remove unused cells and wires).
Finding unused cells or wires in module \counter_16b..
Removed 2 unused cells and 2 unused wires.
<suppressed ~3 debug messages>

5.9.8. Executing OPT_EXPR pass (perform const folding).
Optimizing module counter_16b.

5.9.9. Rerunning OPT passes. (Maybe there is more to do..)

5.9.10. Executing OPT_MUXTREE pass (detect dead branches in mux trees).
Running muxtree optimizer on module \counter_16b..
  Creating internal representation of mux trees.
  Evaluating internal representation of mux trees.
  Analyzing evaluation results.
Removed 0 multiplexer ports.
<suppressed ~1 debug messages>

5.9.11. Executing OPT_REDUCE pass (consolidate $*mux and $reduce_* inputs).
  Optimizing cells in module \counter_16b.
Performed a total of 0 changes.

5.9.12. Executing OPT_MERGE pass (detect identical cells).
Finding identical cells in module `\counter_16b'.
Removed a total of 0 cells.

5.9.13. Executing OPT_DFF pass (perform DFF optimizations).

5.9.14. Executing OPT_CLEAN pass (remove unused cells and wires).
Finding unused cells or wires in module \counter_16b..

5.9.15. Executing OPT_EXPR pass (perform const folding).
Optimizing module counter_16b.

5.9.16. Finished OPT passes. (There is nothing left to do.)

5.10. Executing WREDUCE pass (reducing word size of cells).
Removed top 15 bits (of 16) from port B of cell counter_16b.$add$/openlane/designs/counter_16b/src/counter_16b.v:13$5 ($add).

5.11. Executing PEEPOPT pass (run peephole optimizers).

5.12. Executing OPT_CLEAN pass (remove unused cells and wires).
Finding unused cells or wires in module \counter_16b..

5.13. Executing ALUMACC pass (create $alu and $macc cells).
Extracting $alu and $macc cells in module counter_16b:
  creating $macc model for $add$/openlane/designs/counter_16b/src/counter_16b.v:13$5 ($add).
  creating $alu model for $macc $add$/openlane/designs/counter_16b/src/counter_16b.v:13$5.
  creating $alu cell for $add$/openlane/designs/counter_16b/src/counter_16b.v:13$5: $auto$alumacc.cc:485:replace_alu$14
  created 1 $alu and 0 $macc cells.

5.14. Executing SHARE pass (SAT-based resource sharing).

5.15. Executing OPT pass (performing simple optimizations).

5.15.1. Executing OPT_EXPR pass (perform const folding).
Optimizing module counter_16b.

5.15.2. Executing OPT_MERGE pass (detect identical cells).
Finding identical cells in module `\counter_16b'.
Removed a total of 0 cells.

5.15.3. Executing OPT_MUXTREE pass (detect dead branches in mux trees).
Running muxtree optimizer on module \counter_16b..
  Creating internal representation of mux trees.
  Evaluating internal representation of mux trees.
  Analyzing evaluation results.
Removed 0 multiplexer ports.
<suppressed ~1 debug messages>

5.15.4. Executing OPT_REDUCE pass (consolidate $*mux and $reduce_* inputs).
  Optimizing cells in module \counter_16b.
Performed a total of 0 changes.

5.15.5. Executing OPT_MERGE pass (detect identical cells).
Finding identical cells in module `\counter_16b'.
Removed a total of 0 cells.

5.15.6. Executing OPT_DFF pass (perform DFF optimizations).

5.15.7. Executing OPT_CLEAN pass (remove unused cells and wires).
Finding unused cells or wires in module \counter_16b..

5.15.8. Executing OPT_EXPR pass (perform const folding).
Optimizing module counter_16b.

5.15.9. Finished OPT passes. (There is nothing left to do.)

5.16. Executing MEMORY pass.

5.16.1. Executing OPT_MEM pass (optimize memories).
Performed a total of 0 transformations.

5.16.2. Executing OPT_MEM_PRIORITY pass (removing unnecessary memory write priority relations).
Performed a total of 0 transformations.

5.16.3. Executing OPT_MEM_FEEDBACK pass (finding memory read-to-write feedback paths).

5.16.4. Executing MEMORY_DFF pass (merging $dff cells to $memrd).

5.16.5. Executing OPT_CLEAN pass (remove unused cells and wires).
Finding unused cells or wires in module \counter_16b..

5.16.6. Executing MEMORY_SHARE pass (consolidating $memrd/$memwr cells).

5.16.7. Executing OPT_MEM_WIDEN pass (optimize memories where all ports are wide).
Performed a total of 0 transformations.

5.16.8. Executing OPT_CLEAN pass (remove unused cells and wires).
Finding unused cells or wires in module \counter_16b..

5.16.9. Executing MEMORY_COLLECT pass (generating $mem cells).

5.17. Executing OPT_CLEAN pass (remove unused cells and wires).
Finding unused cells or wires in module \counter_16b..

5.18. Executing OPT pass (performing simple optimizations).

5.18.1. Executing OPT_EXPR pass (perform const folding).
Optimizing module counter_16b.
<suppressed ~1 debug messages>

5.18.2. Executing OPT_MERGE pass (detect identical cells).
Finding identical cells in module `\counter_16b'.
Removed a total of 0 cells.

5.18.3. Executing OPT_DFF pass (perform DFF optimizations).

5.18.4. Executing OPT_CLEAN pass (remove unused cells and wires).
Finding unused cells or wires in module \counter_16b..
Removed 0 unused cells and 1 unused wires.
<suppressed ~1 debug messages>

5.18.5. Finished fast OPT passes.

5.19. Executing MEMORY_MAP pass (converting memories to logic and flip-flops).

5.20. Executing OPT pass (performing simple optimizations).

5.20.1. Executing OPT_EXPR pass (perform const folding).
Optimizing module counter_16b.

5.20.2. Executing OPT_MERGE pass (detect identical cells).
Finding identical cells in module `\counter_16b'.
Removed a total of 0 cells.

5.20.3. Executing OPT_MUXTREE pass (detect dead branches in mux trees).
Running muxtree optimizer on module \counter_16b..
  Creating internal representation of mux trees.
  No muxes found in this module.
Removed 0 multiplexer ports.

5.20.4. Executing OPT_REDUCE pass (consolidate $*mux and $reduce_* inputs).
  Optimizing cells in module \counter_16b.
Performed a total of 0 changes.

5.20.5. Executing OPT_MERGE pass (detect identical cells).
Finding identical cells in module `\counter_16b'.
Removed a total of 0 cells.

5.20.6. Executing OPT_SHARE pass.

5.20.7. Executing OPT_DFF pass (perform DFF optimizations).

5.20.8. Executing OPT_CLEAN pass (remove unused cells and wires).
Finding unused cells or wires in module \counter_16b..

5.20.9. Executing OPT_EXPR pass (perform const folding).
Optimizing module counter_16b.

5.20.10. Finished OPT passes. (There is nothing left to do.)

5.21. Executing TECHMAP pass (map to technology primitives).

5.21.1. Executing Verilog-2005 frontend: /build/bin/../share/yosys/techmap.v
Parsing Verilog input from `/build/bin/../share/yosys/techmap.v' to AST representation.
Generating RTLIL representation for module `\_90_simplemap_bool_ops'.
Generating RTLIL representation for module `\_90_simplemap_reduce_ops'.
Generating RTLIL representation for module `\_90_simplemap_logic_ops'.
Generating RTLIL representation for module `\_90_simplemap_compare_ops'.
Generating RTLIL representation for module `\_90_simplemap_various'.
Generating RTLIL representation for module `\_90_simplemap_registers'.
Generating RTLIL representation for module `\_90_shift_ops_shr_shl_sshl_sshr'.
Generating RTLIL representation for module `\_90_shift_shiftx'.
Generating RTLIL representation for module `\_90_fa'.
Generating RTLIL representation for module `\_90_lcu'.
Generating RTLIL representation for module `\_90_alu'.
Generating RTLIL representation for module `\_90_macc'.
Generating RTLIL representation for module `\_90_alumacc'.
Generating RTLIL representation for module `\$__div_mod_u'.
Generating RTLIL representation for module `\$__div_mod_trunc'.
Generating RTLIL representation for module `\_90_div'.
Generating RTLIL representation for module `\_90_mod'.
Generating RTLIL representation for module `\$__div_mod_floor'.
Generating RTLIL representation for module `\_90_divfloor'.
Generating RTLIL representation for module `\_90_modfloor'.
Generating RTLIL representation for module `\_90_pow'.
Generating RTLIL representation for module `\_90_pmux'.
Generating RTLIL representation for module `\_90_lut'.
Successfully finished Verilog frontend.

5.21.2. Continuing TECHMAP pass.
Using extmapper simplemap for cells of type $eq.
Using extmapper simplemap for cells of type $logic_and.
Using template $paramod$2af30114e9bd4ccb04dad757b3f0a8f6bf0615b0\_90_alu for cells of type $alu.
Using extmapper simplemap for cells of type $sdffe.
Using extmapper simplemap for cells of type $xor.
Using extmapper simplemap for cells of type $and.
Using template $paramod\_90_lcu\WIDTH=32'00000000000000000000000000010000 for cells of type $lcu.
Using extmapper simplemap for cells of type $pos.
Using extmapper simplemap for cells of type $mux.
Using extmapper simplemap for cells of type $not.
Using extmapper simplemap for cells of type $or.
No more expansions possible.
<suppressed ~281 debug messages>

5.22. Executing OPT pass (performing simple optimizations).

5.22.1. Executing OPT_EXPR pass (perform const folding).
Optimizing module counter_16b.
<suppressed ~105 debug messages>

5.22.2. Executing OPT_MERGE pass (detect identical cells).
Finding identical cells in module `\counter_16b'.
<suppressed ~51 debug messages>
Removed a total of 17 cells.

5.22.3. Executing OPT_DFF pass (perform DFF optimizations).

5.22.4. Executing OPT_CLEAN pass (remove unused cells and wires).
Finding unused cells or wires in module \counter_16b..
Removed 4 unused cells and 70 unused wires.
<suppressed ~5 debug messages>

5.22.5. Finished fast OPT passes.

5.23. Executing ABC pass (technology mapping using ABC).

5.23.1. Extracting gate netlist of module `\counter_16b' to `<abc-temp-dir>/input.blif'..
Extracted 70 gates and 87 wires to a netlist network with 17 inputs and 17 outputs.

5.23.1.1. Executing ABC.
Running ABC command: <yosys-exe-dir>/yosys-abc -s -f <abc-temp-dir>/abc.script 2>&1
ABC: ABC command line: "source <abc-temp-dir>/abc.script".
ABC: 
ABC: + read_blif <abc-temp-dir>/input.blif 
ABC: + read_library <abc-temp-dir>/stdcells.genlib 
ABC: Entered genlib library with 13 gates from file "<abc-temp-dir>/stdcells.genlib".
ABC: + strash 
ABC: + dretime 
ABC: + map 
ABC: + write_blif <abc-temp-dir>/output.blif 

5.23.1.2. Re-integrating ABC results.
ABC RESULTS:            ANDNOT cells:        8
ABC RESULTS:              NAND cells:        8
ABC RESULTS:               NOT cells:        1
ABC RESULTS:                OR cells:       11
ABC RESULTS:              XNOR cells:        7
ABC RESULTS:               XOR cells:        8
ABC RESULTS:        internal signals:       53
ABC RESULTS:           input signals:       17
ABC RESULTS:          output signals:       17
Removing temp directory.

5.24. Executing OPT pass (performing simple optimizations).

5.24.1. Executing OPT_EXPR pass (perform const folding).
Optimizing module counter_16b.

5.24.2. Executing OPT_MERGE pass (detect identical cells).
Finding identical cells in module `\counter_16b'.
Removed a total of 0 cells.

5.24.3. Executing OPT_DFF pass (perform DFF optimizations).

5.24.4. Executing OPT_CLEAN pass (remove unused cells and wires).
Finding unused cells or wires in module \counter_16b..
Removed 0 unused cells and 63 unused wires.
<suppressed ~1 debug messages>

5.24.5. Finished fast OPT passes.

5.25. Executing HIERARCHY pass (managing design hierarchy).

5.25.1. Analyzing design hierarchy..
Top module:  \counter_16b

5.25.2. Analyzing design hierarchy..
Top module:  \counter_16b
Removed 0 unused modules.

5.26. Printing statistics.

=== counter_16b ===

   Number of wires:                 33
   Number of wire bits:             78
   Number of public wires:           5
   Number of public wire bits:      20
   Number of memories:               0
   Number of memory bits:            0
   Number of processes:              0
   Number of cells:                 59
     $_ANDNOT_                       8
     $_NAND_                         8
     $_NOT_                          1
     $_OR_                          11
     $_SDFFE_PP0P_                  16
     $_XNOR_                         7
     $_XOR_                          8

5.27. Executing CHECK pass (checking for obvious problems).
Checking module counter_16b...
Found and reported 0 problems.

6. Generating Graphviz representation of design.
Writing dot description to `/openlane/designs/counter_16b/runs/RUN_2022.03.17_11.18.36/tmp/synthesis/post_techmap.dot'.
Dumping module counter_16b to page 1.

7. Executing SHARE pass (SAT-based resource sharing).

8. Executing OPT pass (performing simple optimizations).

8.1. Executing OPT_EXPR pass (perform const folding).
Optimizing module counter_16b.

8.2. Executing OPT_MERGE pass (detect identical cells).
Finding identical cells in module `\counter_16b'.
Removed a total of 0 cells.

8.3. Executing OPT_MUXTREE pass (detect dead branches in mux trees).
Running muxtree optimizer on module \counter_16b..
  Creating internal representation of mux trees.
  No muxes found in this module.
Removed 0 multiplexer ports.

8.4. Executing OPT_REDUCE pass (consolidate $*mux and $reduce_* inputs).
  Optimizing cells in module \counter_16b.
Performed a total of 0 changes.

8.5. Executing OPT_MERGE pass (detect identical cells).
Finding identical cells in module `\counter_16b'.
Removed a total of 0 cells.

8.6. Executing OPT_DFF pass (perform DFF optimizations).

8.7. Executing OPT_CLEAN pass (remove unused cells and wires).
Finding unused cells or wires in module \counter_16b..

8.8. Executing OPT_EXPR pass (perform const folding).
Optimizing module counter_16b.

8.9. Finished OPT passes. (There is nothing left to do.)

9. Executing OPT_CLEAN pass (remove unused cells and wires).
Finding unused cells or wires in module \counter_16b..

10. Printing statistics.

=== counter_16b ===

   Number of wires:                 33
   Number of wire bits:             78
   Number of public wires:           5
   Number of public wire bits:      20
   Number of memories:               0
   Number of memory bits:            0
   Number of processes:              0
   Number of cells:                 59
     $_ANDNOT_                       8
     $_NAND_                         8
     $_NOT_                          1
     $_OR_                          11
     $_SDFFE_PP0P_                  16
     $_XNOR_                         7
     $_XOR_                          8

mapping tbuf

11. Executing TECHMAP pass (map to technology primitives).

11.1. Executing Verilog-2005 frontend: /home/adithi/OpenLane/pdks/sky130A/libs.tech/openlane/sky130_fd_sc_hd/tribuff_map.v
Parsing Verilog input from `/home/adithi/OpenLane/pdks/sky130A/libs.tech/openlane/sky130_fd_sc_hd/tribuff_map.v' to AST representation.
Generating RTLIL representation for module `\$_TBUF_'.
Successfully finished Verilog frontend.

11.2. Continuing TECHMAP pass.
No more expansions possible.
<suppressed ~3 debug messages>

12. Executing SIMPLEMAP pass (map simple cells to gate primitives).

13. Executing TECHMAP pass (map to technology primitives).

13.1. Executing Verilog-2005 frontend: /home/adithi/OpenLane/pdks/sky130A/libs.tech/openlane/sky130_fd_sc_hd/latch_map.v
Parsing Verilog input from `/home/adithi/OpenLane/pdks/sky130A/libs.tech/openlane/sky130_fd_sc_hd/latch_map.v' to AST representation.
Generating RTLIL representation for module `\$_DLATCH_P_'.
Generating RTLIL representation for module `\$_DLATCH_N_'.
Successfully finished Verilog frontend.

13.2. Continuing TECHMAP pass.
No more expansions possible.
<suppressed ~4 debug messages>

14. Executing SIMPLEMAP pass (map simple cells to gate primitives).

15. Executing DFFLIBMAP pass (mapping DFF cells to sequential cells from liberty file).
  cell sky130_fd_sc_hd__dfxtp_2 (noninv, pins=3, area=21.27) is a direct match for cell type $_DFF_P_.
  cell sky130_fd_sc_hd__dfrtp_2 (noninv, pins=4, area=26.28) is a direct match for cell type $_DFF_PN0_.
  cell sky130_fd_sc_hd__dfstp_2 (noninv, pins=4, area=26.28) is a direct match for cell type $_DFF_PN1_.
  cell sky130_fd_sc_hd__dfbbn_2 (noninv, pins=6, area=35.03) is a direct match for cell type $_DFFSR_NNN_.
  final dff cell mappings:
    unmapped dff cell: $_DFF_N_
    \sky130_fd_sc_hd__dfxtp_2 _DFF_P_ (.CLK( C), .D( D), .Q( Q));
    unmapped dff cell: $_DFF_NN0_
    unmapped dff cell: $_DFF_NN1_
    unmapped dff cell: $_DFF_NP0_
    unmapped dff cell: $_DFF_NP1_
    \sky130_fd_sc_hd__dfrtp_2 _DFF_PN0_ (.CLK( C), .D( D), .Q( Q), .RESET_B( R));
    \sky130_fd_sc_hd__dfstp_2 _DFF_PN1_ (.CLK( C), .D( D), .Q( Q), .SET_B( R));
    unmapped dff cell: $_DFF_PP0_
    unmapped dff cell: $_DFF_PP1_
    \sky130_fd_sc_hd__dfbbn_2 _DFFSR_NNN_ (.CLK_N( C), .D( D), .Q( Q), .Q_N(~Q), .RESET_B( R), .SET_B( S));
    unmapped dff cell: $_DFFSR_NNP_
    unmapped dff cell: $_DFFSR_NPN_
    unmapped dff cell: $_DFFSR_NPP_
    unmapped dff cell: $_DFFSR_PNN_
    unmapped dff cell: $_DFFSR_PNP_
    unmapped dff cell: $_DFFSR_PPN_
    unmapped dff cell: $_DFFSR_PPP_

15.1. Executing DFFLEGALIZE pass (convert FFs to types supported by the target).
Mapping DFF cells in module `\counter_16b':
  mapped 16 $_DFF_P_ cells to \sky130_fd_sc_hd__dfxtp_2 cells.

16. Printing statistics.

=== counter_16b ===

   Number of wires:                 65
   Number of wire bits:            110
   Number of public wires:           5
   Number of public wire bits:      20
   Number of memories:               0
   Number of memory bits:            0
   Number of processes:              0
   Number of cells:                 91
     $_ANDNOT_                       8
     $_MUX_                         32
     $_NAND_                         8
     $_NOT_                          1
     $_OR_                          11
     $_XNOR_                         7
     $_XOR_                          8
     sky130_fd_sc_hd__dfxtp_2       16

[INFO]: USING STRATEGY AREA 0

17. Executing ABC pass (technology mapping using ABC).

17.1. Extracting gate netlist of module `\counter_16b' to `/tmp/yosys-abc-455jLE/input.blif'..
Extracted 75 gates and 94 wires to a netlist network with 18 inputs and 17 outputs.

17.1.1. Executing ABC.
Running ABC command: /build/bin/yosys-abc -s -f /tmp/yosys-abc-455jLE/abc.script 2>&1
ABC: ABC command line: "source /tmp/yosys-abc-455jLE/abc.script".
ABC: 
ABC: + read_blif /tmp/yosys-abc-455jLE/input.blif 
ABC: + read_lib -w /openlane/designs/counter_16b/runs/RUN_2022.03.17_11.18.36/tmp/synthesis/trimmed.lib 
ABC: Parsing finished successfully.  Parsing time =     0.06 sec
ABC: Scl_LibertyReadGenlib() skipped sequential cell "sky130_fd_sc_hd__dfbbn_2".
ABC: Scl_LibertyReadGenlib() skipped sequential cell "sky130_fd_sc_hd__dfrbp_2".
ABC: Scl_LibertyReadGenlib() skipped sequential cell "sky130_fd_sc_hd__dfrtp_2".
ABC: Scl_LibertyReadGenlib() skipped sequential cell "sky130_fd_sc_hd__dfrtp_4".
ABC: Scl_LibertyReadGenlib() skipped sequential cell "sky130_fd_sc_hd__dfsbp_2".
ABC: Scl_LibertyReadGenlib() skipped sequential cell "sky130_fd_sc_hd__dfstp_2".
ABC: Scl_LibertyReadGenlib() skipped sequential cell "sky130_fd_sc_hd__dfstp_4".
ABC: Scl_LibertyReadGenlib() skipped sequential cell "sky130_fd_sc_hd__dfxbp_2".
ABC: Scl_LibertyReadGenlib() skipped sequential cell "sky130_fd_sc_hd__dfxtp_2".
ABC: Scl_LibertyReadGenlib() skipped sequential cell "sky130_fd_sc_hd__dfxtp_4".
ABC: Scl_LibertyReadGenlib() skipped sequential cell "sky130_fd_sc_hd__dlxtn_1".
ABC: Scl_LibertyReadGenlib() skipped sequential cell "sky130_fd_sc_hd__dlxtn_2".
ABC: Scl_LibertyReadGenlib() skipped sequential cell "sky130_fd_sc_hd__dlxtn_4".
ABC: Scl_LibertyReadGenlib() skipped sequential cell "sky130_fd_sc_hd__dlxtp_1".
ABC: Scl_LibertyReadGenlib() skipped three-state cell "sky130_fd_sc_hd__ebufn_2".
ABC: Scl_LibertyReadGenlib() skipped three-state cell "sky130_fd_sc_hd__ebufn_4".
ABC: Scl_LibertyReadGenlib() skipped three-state cell "sky130_fd_sc_hd__ebufn_8".
ABC: Library "sky130A_merged" from "/openlane/designs/counter_16b/runs/RUN_2022.03.17_11.18.36/tmp/synthesis/trimmed.lib" has 175 cells (17 skipped: 14 seq; 3 tri-state; 0 no func; 0 dont_use).  Time =     0.09 sec
ABC: Memory =    7.77 MB. Time =     0.09 sec
ABC: Warning: Detected 2 multi-output gates (for example, "sky130_fd_sc_hd__fa_1").
ABC: + read_constr -v /openlane/designs/counter_16b/runs/RUN_2022.03.17_11.18.36/tmp/synthesis/synthesis.sdc 
ABC: Setting driving cell to be "sky130_fd_sc_hd__inv_2".
ABC: Setting output load to be 33.442001.
ABC: + read_constr /openlane/designs/counter_16b/runs/RUN_2022.03.17_11.18.36/tmp/synthesis/synthesis.sdc 
ABC: + fx 
ABC: + mfs 
ABC: + strash 
ABC: + refactor 
ABC: + balance 
ABC: + rewrite 
ABC: + refactor 
ABC: + balance 
ABC: + rewrite 
ABC: + rewrite -z 
ABC: + balance 
ABC: + refactor -z 
ABC: + rewrite -z 
ABC: + balance 
ABC: + retime -D -D 10000.0 -M 5 
ABC: + scleanup 
ABC: Error: The network is combinational.
ABC: + fraig_store 
ABC: + balance 
ABC: + fraig_store 
ABC: + balance 
ABC: + rewrite 
ABC: + refactor 
ABC: + balance 
ABC: + rewrite 
ABC: + rewrite -z 
ABC: + balance 
ABC: + refactor -z 
ABC: + rewrite -z 
ABC: + balance 
ABC: + fraig_store 
ABC: + balance 
ABC: + rewrite 
ABC: + refactor 
ABC: + balance 
ABC: + rewrite 
ABC: + rewrite -z 
ABC: + balance 
ABC: + refactor -z 
ABC: + rewrite -z 
ABC: + balance 
ABC: + fraig_store 
ABC: + balance 
ABC: + rewrite 
ABC: + refactor 
ABC: + balance 
ABC: + rewrite 
ABC: + rewrite -z 
ABC: + balance 
ABC: + refactor -z 
ABC: + rewrite -z 
ABC: + balance 
ABC: + fraig_store 
ABC: + fraig_restore 
ABC: + amap -m -Q 0.1 -F 20 -A 20 -C 5000 
ABC: + retime -D -D 10000.0 
ABC: + &get -n 
ABC: + &st 
ABC: + &dch 
ABC: + &nf 
ABC: + &put 
ABC: + buffer -N 5 -S 750.0 
ABC: + upsize -D 10000.0 
ABC: Current delay (1376.96 ps) does not exceed the target delay (10000.00 ps). Upsizing is not performed.
ABC: + dnsize -D 10000.0 
ABC: + stime -p 
ABC: WireLoad = "none"  Gates =     64 ( 26.6 %)   Cap = 12.3 ff (  6.4 %)   Area =      475.46 ( 73.4 %)   Delay =  1549.34 ps  ( 12.5 %)               
ABC: Path  0 --      13 : 0    3 pi                       A =   0.00  Df =  19.4  -11.1 ps  S =  32.5 ps  Cin =  0.0 ff  Cout =   5.5 ff  Cmax =   0.0 ff  G =    0  
ABC: Path  1 --      38 : 4    2 sky130_fd_sc_hd__and4_2  A =  10.01  Df = 241.0  -22.0 ps  S =  53.1 ps  Cin =  1.5 ff  Cout =   3.2 ff  Cmax = 300.3 ff  G =  201  
ABC: Path  2 --      39 : 4    2 sky130_fd_sc_hd__and4_2  A =  10.01  Df = 463.0  -16.1 ps  S =  60.1 ps  Cin =  1.5 ff  Cout =   4.4 ff  Cmax = 300.3 ff  G =  276  
ABC: Path  3 --      40 : 1    5 sky130_fd_sc_hd__buf_1   A =   3.75  Df = 614.5  -46.6 ps  S = 140.3 ps  Cin =  2.1 ff  Cout =  11.1 ff  Cmax = 130.0 ff  G =  506  
ABC: Path  4 --      43 : 4    1 sky130_fd_sc_hd__and4_2  A =  10.01  Df = 833.7  -61.9 ps  S =  47.3 ps  Cin =  1.5 ff  Cout =   2.2 ff  Cmax = 300.3 ff  G =  138  
ABC: Path  5 --      44 : 1    2 sky130_fd_sc_hd__buf_1   A =   3.75  Df =1196.0 -191.2 ps  S = 451.9 ps  Cin =  2.1 ff  Cout =  38.2 ff  Cmax = 130.0 ff  G = 1803  
ABC: Path  6 --      99 : 3    1 sky130_fd_sc_hd__nor3b_2 A =  12.51  Df =1549.3 -152.5 ps  S = 576.0 ps  Cin =  3.4 ff  Cout =  33.4 ff  Cmax =  93.4 ff  G =  988  
ABC: Start-point = pi12 (\count [4]).  End-point = po16 ($auto$rtlil.cc:2515:MuxGate$522).
ABC: + print_stats -m 
ABC: netlist                       : i/o =   18/   17  lat =    0  nd =    64  edge =    164  area =475.47  delay = 6.00  lev = 6
ABC: + write_blif /tmp/yosys-abc-455jLE/output.blif 

17.1.2. Re-integrating ABC results.
ABC RESULTS:   sky130_fd_sc_hd__a21o_2 cells:        1
ABC RESULTS:   sky130_fd_sc_hd__a21oi_2 cells:        8
ABC RESULTS:   sky130_fd_sc_hd__a31o_2 cells:        8
ABC RESULTS:   sky130_fd_sc_hd__a41o_2 cells:        2
ABC RESULTS:   sky130_fd_sc_hd__and2_2 cells:        2
ABC RESULTS:   sky130_fd_sc_hd__and2b_2 cells:        2
ABC RESULTS:   sky130_fd_sc_hd__and3_2 cells:        5
ABC RESULTS:   sky130_fd_sc_hd__and3b_2 cells:        1
ABC RESULTS:   sky130_fd_sc_hd__and4_2 cells:        3
ABC RESULTS:   sky130_fd_sc_hd__buf_1 cells:       16
ABC RESULTS:   sky130_fd_sc_hd__inv_2 cells:        1
ABC RESULTS:   sky130_fd_sc_hd__nand2_2 cells:        1
ABC RESULTS:   sky130_fd_sc_hd__nor2_2 cells:        4
ABC RESULTS:   sky130_fd_sc_hd__nor3_2 cells:        2
ABC RESULTS:   sky130_fd_sc_hd__nor3b_2 cells:        2
ABC RESULTS:   sky130_fd_sc_hd__o21a_2 cells:        5
ABC RESULTS:   sky130_fd_sc_hd__o21ba_2 cells:        1
ABC RESULTS:        internal signals:       59
ABC RESULTS:           input signals:       18
ABC RESULTS:          output signals:       17
Removing temp directory.

18. Executing SETUNDEF pass (replace undef values with defined constants).

19. Executing HILOMAP pass (mapping to constant drivers).

20. Executing SPLITNETS pass (splitting up multi-bit signals).

21. Executing OPT_CLEAN pass (remove unused cells and wires).
Finding unused cells or wires in module \counter_16b..
Removed 0 unused cells and 109 unused wires.
<suppressed ~1 debug messages>

22. Executing INSBUF pass (insert buffer cells for connected wires).

23. Executing CHECK pass (checking for obvious problems).
Checking module counter_16b...
Warning: Wire counter_16b.\count_tc is used but has no driver.
Warning: Wire counter_16b.\count [15] is used but has no driver.
Warning: Wire counter_16b.\count [14] is used but has no driver.
Warning: Wire counter_16b.\count [13] is used but has no driver.
Warning: Wire counter_16b.\count [12] is used but has no driver.
Warning: Wire counter_16b.\count [11] is used but has no driver.
Warning: Wire counter_16b.\count [10] is used but has no driver.
Warning: Wire counter_16b.\count [9] is used but has no driver.
Warning: Wire counter_16b.\count [8] is used but has no driver.
Warning: Wire counter_16b.\count [7] is used but has no driver.
Warning: Wire counter_16b.\count [6] is used but has no driver.
Warning: Wire counter_16b.\count [5] is used but has no driver.
Warning: Wire counter_16b.\count [4] is used but has no driver.
Warning: Wire counter_16b.\count [3] is used but has no driver.
Warning: Wire counter_16b.\count [2] is used but has no driver.
Warning: Wire counter_16b.\count [1] is used but has no driver.
Warning: Wire counter_16b.\count [0] is used but has no driver.
Found and reported 17 problems.

24. Printing statistics.

=== counter_16b ===

   Number of wires:                 68
   Number of wire bits:             83
   Number of public wires:           5
   Number of public wire bits:      20
   Number of memories:               0
   Number of memory bits:            0
   Number of processes:              0
   Number of cells:                 80
     sky130_fd_sc_hd__a21o_2         1
     sky130_fd_sc_hd__a21oi_2        8
     sky130_fd_sc_hd__a31o_2         8
     sky130_fd_sc_hd__a41o_2         2
     sky130_fd_sc_hd__and2_2         2
     sky130_fd_sc_hd__and2b_2        2
     sky130_fd_sc_hd__and3_2         5
     sky130_fd_sc_hd__and3b_2        1
     sky130_fd_sc_hd__and4_2         3
     sky130_fd_sc_hd__buf_1         16
     sky130_fd_sc_hd__dfxtp_2       16
     sky130_fd_sc_hd__inv_2          1
     sky130_fd_sc_hd__nand2_2        1
     sky130_fd_sc_hd__nor2_2         4
     sky130_fd_sc_hd__nor3_2         2
     sky130_fd_sc_hd__nor3b_2        2
     sky130_fd_sc_hd__o21a_2         5
     sky130_fd_sc_hd__o21ba_2        1

   Chip area for module '\counter_16b': 815.782400

25. Executing Verilog backend.
Dumping module `\counter_16b'.

Warnings: 17 unique messages, 17 total
End of script. Logfile hash: fb76e2c4ef, CPU: user 0.47s system 0.06s, MEM: 44.93 MB peak
Yosys 0.12+45 (git sha1 UNKNOWN, gcc 8.3.1 -fPIC -Os)
Time spent: 37% 2x abc (0 sec), 32% 4x stat (0 sec), ...
