
78. Printing statistics.

=== counter_16b ===

   Number of wires:                 61
   Number of wire bits:             76
   Number of public wires:           5
   Number of public wire bits:      20
   Number of memories:               0
   Number of memory bits:            0
   Number of processes:              0
   Number of cells:                 73
     sky130_fd_sc_hd__a21oi_2       10
     sky130_fd_sc_hd__a31o_2         1
     sky130_fd_sc_hd__a31oi_2        1
     sky130_fd_sc_hd__and2_2         2
     sky130_fd_sc_hd__and3_2         5
     sky130_fd_sc_hd__and4_2         8
     sky130_fd_sc_hd__buf_1          9
     sky130_fd_sc_hd__dfxtp_2       16
     sky130_fd_sc_hd__nor2_2         6
     sky130_fd_sc_hd__nor3_2         6
     sky130_fd_sc_hd__o21a_2         9

   Chip area for module '\counter_16b': 792.009600

