Instance name,  X location,  Y location,  Voltage 
PHY_44, 5.4, 73.44, 1.8
PHY_45, 64.8, 73.44, 1.8
PHY_40, 5.4, 68, 1.8
PHY_42, 5.4, 68, 1.8
PHY_41, 64.8, 68, 1.8
PHY_43, 64.8, 68, 1.8
PHY_36, 5.4, 62.56, 1.8
PHY_38, 5.4, 62.56, 1.8
PHY_37, 64.8, 62.56, 1.8
PHY_39, 64.8, 62.56, 1.8
PHY_32, 5.4, 57.12, 1.8
PHY_34, 5.4, 57.12, 1.8
PHY_33, 64.8, 57.12, 1.8
PHY_35, 64.8, 57.12, 1.8
PHY_28, 5.4, 51.68, 1.8
PHY_30, 5.4, 51.68, 1.8
PHY_29, 64.8, 51.68, 1.8
PHY_31, 64.8, 51.68, 1.8
PHY_24, 5.4, 46.24, 1.8
PHY_26, 5.4, 46.24, 1.8
PHY_25, 64.8, 46.24, 1.8
PHY_27, 64.8, 46.24, 1.8
PHY_20, 5.4, 40.8, 1.8
PHY_22, 5.4, 40.8, 1.8
PHY_21, 64.8, 40.8, 1.8
PHY_23, 64.8, 40.8, 1.8
PHY_16, 5.4, 35.36, 1.8
PHY_18, 5.4, 35.36, 1.8
PHY_17, 64.8, 35.36, 1.8
PHY_19, 64.8, 35.36, 1.8
PHY_12, 5.4, 29.92, 1.8
PHY_14, 5.4, 29.92, 1.8
PHY_13, 64.8, 29.92, 1.8
PHY_15, 64.8, 29.92, 1.8
PHY_10, 5.4, 24.48, 1.8
PHY_8, 5.4, 24.48, 1.8
PHY_11, 64.8, 24.48, 1.8
PHY_9, 64.8, 24.48, 1.8
PHY_4, 5.4, 19.04, 1.8
PHY_6, 5.4, 19.04, 1.8
PHY_5, 64.8, 19.04, 1.8
PHY_7, 64.8, 19.04, 1.8
PHY_0, 5.4, 13.6, 1.8
PHY_2, 5.4, 13.6, 1.8
_063_, 5.4, 13.6, 1.8
_064_, 5.4, 13.6, 1.8
_065_, 5.4, 13.6, 1.8
_066_, 5.4, 13.6, 1.8
_067_, 5.4, 13.6, 1.8
_068_, 5.4, 13.6, 1.8
_069_, 5.4, 13.6, 1.8
_070_, 5.4, 13.6, 1.8
_071_, 5.4, 13.6, 1.8
_072_, 5.4, 13.6, 1.8
_073_, 5.4, 13.6, 1.8
_074_, 5.4, 13.6, 1.8
_075_, 5.4, 13.6, 1.8
_076_, 5.4, 13.6, 1.8
_077_, 5.4, 13.6, 1.8
_078_, 5.4, 13.6, 1.8
_079_, 5.4, 13.6, 1.8
_080_, 5.4, 13.6, 1.8
_081_, 5.4, 13.6, 1.8
_082_, 5.4, 13.6, 1.8
_083_, 5.4, 13.6, 1.8
_084_, 5.4, 13.6, 1.8
_085_, 5.4, 13.6, 1.8
_086_, 5.4, 13.6, 1.8
_087_, 5.4, 13.6, 1.8
_088_, 5.4, 13.6, 1.8
_089_, 5.4, 13.6, 1.8
_090_, 5.4, 13.6, 1.8
_091_, 5.4, 13.6, 1.8
_092_, 5.4, 13.6, 1.8
_093_, 5.4, 13.6, 1.8
_094_, 5.4, 13.6, 1.8
_095_, 5.4, 13.6, 1.8
_096_, 5.4, 13.6, 1.8
_097_, 5.4, 13.6, 1.8
_098_, 5.4, 13.6, 1.8
_099_, 5.4, 13.6, 1.8
_100_, 5.4, 13.6, 1.8
_101_, 5.4, 13.6, 1.8
_102_, 5.4, 13.6, 1.8
_103_, 5.4, 13.6, 1.8
_104_, 5.4, 13.6, 1.8
_105_, 5.4, 13.6, 1.8
_106_, 5.4, 13.6, 1.8
_107_, 5.4, 13.6, 1.8
_108_, 5.4, 13.6, 1.8
_109_, 5.4, 13.6, 1.8
_110_, 5.4, 13.6, 1.8
_111_, 5.4, 13.6, 1.8
_112_, 5.4, 13.6, 1.8
_113_, 5.4, 13.6, 1.8
_114_, 5.4, 13.6, 1.8
_115_, 5.4, 13.6, 1.8
_116_, 5.4, 13.6, 1.8
_117_, 5.4, 13.6, 1.8
_118_, 5.4, 13.6, 1.8
_119_, 5.4, 13.6, 1.8
_120_, 5.4, 13.6, 1.8
_121_, 5.4, 13.6, 1.8
_122_, 5.4, 13.6, 1.8
_123_, 5.4, 13.6, 1.8
_124_, 5.4, 13.6, 1.8
_125_, 5.4, 13.6, 1.8
_126_, 5.4, 13.6, 1.8
_127_, 5.4, 13.6, 1.8
_128_, 5.4, 13.6, 1.8
_129_, 5.4, 13.6, 1.8
_130_, 5.4, 13.6, 1.8
_131_, 5.4, 13.6, 1.8
_132_, 5.4, 13.6, 1.8
_133_, 5.4, 13.6, 1.8
_134_, 5.4, 13.6, 1.8
_135_, 5.4, 13.6, 1.8
_136_, 5.4, 13.6, 1.8
_137_, 5.4, 13.6, 1.8
_138_, 5.4, 13.6, 1.8
_139_, 5.4, 13.6, 1.8
_140_, 5.4, 13.6, 1.8
_141_, 5.4, 13.6, 1.8
_142_, 5.4, 13.6, 1.8
PHY_1, 64.8, 13.6, 1.8
PHY_3, 64.8, 13.6, 1.8

