
===========================================================================
report_checks -path_delay max (Setup)
============================================================================
Startpoint: count_en (input port clocked by clk)
Endpoint: count_tc (output port clocked by clk)
Path Group: clk
Path Type: max

Fanout     Cap    Slew   Delay    Time   Description
-----------------------------------------------------------------------------
                  0.00    0.00    0.00   clock clk (rise edge)
                          0.00    0.00   clock network delay (ideal)
                          2.00    2.00 ^ input external delay
                  0.02    0.01    2.01 ^ count_en (in)
     1    0.00                           count_en (net)
                  0.02    0.00    2.01 ^ input2/A (sky130_fd_sc_hd__clkbuf_1)
                  0.15    0.15    2.17 ^ input2/X (sky130_fd_sc_hd__clkbuf_1)
     4    0.01                           net2 (net)
                  0.15    0.00    2.17 ^ _063_/A (sky130_fd_sc_hd__and3_1)
                  0.12    0.23    2.40 ^ _063_/X (sky130_fd_sc_hd__and3_1)
     4    0.01                           _016_ (net)
                  0.12    0.00    2.40 ^ _066_/B (sky130_fd_sc_hd__and4_1)
                  0.08    0.23    2.63 ^ _066_/X (sky130_fd_sc_hd__and4_1)
     2    0.01                           _019_ (net)
                  0.08    0.00    2.63 ^ _067_/A (sky130_fd_sc_hd__dlymetal6s2s_1)
                  0.18    0.21    2.84 ^ _067_/X (sky130_fd_sc_hd__dlymetal6s2s_1)
     5    0.02                           _020_ (net)
                  0.18    0.00    2.84 ^ _070_/B (sky130_fd_sc_hd__and4_1)
                  0.06    0.22    3.05 ^ _070_/X (sky130_fd_sc_hd__and4_1)
     1    0.00                           _023_ (net)
                  0.06    0.00    3.05 ^ _071_/A (sky130_fd_sc_hd__clkbuf_1)
                  0.11    0.14    3.19 ^ _071_/X (sky130_fd_sc_hd__clkbuf_1)
     2    0.01                           net20 (net)
                  0.11    0.00    3.19 ^ output20/A (sky130_fd_sc_hd__buf_2)
                  0.17    0.23    3.43 ^ output20/X (sky130_fd_sc_hd__buf_2)
     1    0.03                           count_tc (net)
                  0.17    0.00    3.43 ^ count_tc (out)
                                  3.43   data arrival time

                  0.00   10.00   10.00   clock clk (rise edge)
                          0.00   10.00   clock network delay (ideal)
                         -0.25    9.75   clock uncertainty
                          0.00    9.75   clock reconvergence pessimism
                         -2.00    7.75   output external delay
                                  7.75   data required time
-----------------------------------------------------------------------------
                                  7.75   data required time
                                 -3.43   data arrival time
-----------------------------------------------------------------------------
                                  4.32   slack (MET)


Startpoint: _140_ (rising edge-triggered flip-flop)
Endpoint: count[13] (output port clocked by clk)
Path Group: clk
Path Type: max

Fanout     Cap    Slew   Delay    Time   Description
-----------------------------------------------------------------------------
                  0.16    0.00    0.00 ^ _140_/CLK (sky130_fd_sc_hd__dfxtp_1)
                  0.20    0.48    0.48 ^ _140_/Q (sky130_fd_sc_hd__dfxtp_1)
     5    0.02                           net8 (net)
                  0.20    0.00    0.48 ^ output8/A (sky130_fd_sc_hd__buf_2)
                  0.18    0.27    0.75 ^ output8/X (sky130_fd_sc_hd__buf_2)
     1    0.03                           count[13] (net)
                  0.18    0.00    0.75 ^ count[13] (out)
                                  0.75   data arrival time

                  0.00   10.00   10.00   clock clk (rise edge)
                          0.00   10.00   clock network delay (ideal)
                         -0.25    9.75   clock uncertainty
                          0.00    9.75   clock reconvergence pessimism
                         -2.00    7.75   output external delay
                                  7.75   data required time
-----------------------------------------------------------------------------
                                  7.75   data required time
                                 -0.75   data arrival time
-----------------------------------------------------------------------------
                                  7.00   slack (MET)


Startpoint: _129_ (rising edge-triggered flip-flop)
Endpoint: count[2] (output port clocked by clk)
Path Group: clk
Path Type: max

Fanout     Cap    Slew   Delay    Time   Description
-----------------------------------------------------------------------------
                  0.16    0.00    0.00 ^ _129_/CLK (sky130_fd_sc_hd__dfxtp_1)
                  0.18    0.46    0.46 ^ _129_/Q (sky130_fd_sc_hd__dfxtp_1)
     5    0.02                           net12 (net)
                  0.18    0.00    0.46 ^ output12/A (sky130_fd_sc_hd__buf_2)
                  0.17    0.25    0.72 ^ output12/X (sky130_fd_sc_hd__buf_2)
     1    0.03                           count[2] (net)
                  0.17    0.00    0.72 ^ count[2] (out)
                                  0.72   data arrival time

                  0.00   10.00   10.00   clock clk (rise edge)
                          0.00   10.00   clock network delay (ideal)
                         -0.25    9.75   clock uncertainty
                          0.00    9.75   clock reconvergence pessimism
                         -2.00    7.75   output external delay
                                  7.75   data required time
-----------------------------------------------------------------------------
                                  7.75   data required time
                                 -0.72   data arrival time
-----------------------------------------------------------------------------
                                  7.03   slack (MET)


Startpoint: _137_ (rising edge-triggered flip-flop)
Endpoint: count[10] (output port clocked by clk)
Path Group: clk
Path Type: max

Fanout     Cap    Slew   Delay    Time   Description
-----------------------------------------------------------------------------
                  0.16    0.00    0.00 ^ _137_/CLK (sky130_fd_sc_hd__dfxtp_1)
                  0.18    0.46    0.46 ^ _137_/Q (sky130_fd_sc_hd__dfxtp_1)
     5    0.02                           net5 (net)
                  0.18    0.00    0.46 ^ output5/A (sky130_fd_sc_hd__buf_2)
                  0.17    0.25    0.71 ^ output5/X (sky130_fd_sc_hd__buf_2)
     1    0.03                           count[10] (net)
                  0.17    0.00    0.72 ^ count[10] (out)
                                  0.72   data arrival time

                  0.00   10.00   10.00   clock clk (rise edge)
                          0.00   10.00   clock network delay (ideal)
                         -0.25    9.75   clock uncertainty
                          0.00    9.75   clock reconvergence pessimism
                         -2.00    7.75   output external delay
                                  7.75   data required time
-----------------------------------------------------------------------------
                                  7.75   data required time
                                 -0.72   data arrival time
-----------------------------------------------------------------------------
                                  7.03   slack (MET)


Startpoint: _135_ (rising edge-triggered flip-flop)
Endpoint: count[8] (output port clocked by clk)
Path Group: clk
Path Type: max

Fanout     Cap    Slew   Delay    Time   Description
-----------------------------------------------------------------------------
                  0.16    0.00    0.00 ^ _135_/CLK (sky130_fd_sc_hd__dfxtp_1)
                  0.16    0.45    0.45 ^ _135_/Q (sky130_fd_sc_hd__dfxtp_1)
     3    0.02                           net18 (net)
                  0.16    0.00    0.45 ^ output18/A (sky130_fd_sc_hd__buf_2)
                  0.17    0.25    0.70 ^ output18/X (sky130_fd_sc_hd__buf_2)
     1    0.03                           count[8] (net)
                  0.17    0.00    0.70 ^ count[8] (out)
                                  0.70   data arrival time

                  0.00   10.00   10.00   clock clk (rise edge)
                          0.00   10.00   clock network delay (ideal)
                         -0.25    9.75   clock uncertainty
                          0.00    9.75   clock reconvergence pessimism
                         -2.00    7.75   output external delay
                                  7.75   data required time
-----------------------------------------------------------------------------
                                  7.75   data required time
                                 -0.70   data arrival time
-----------------------------------------------------------------------------
                                  7.05   slack (MET)


