
===========================================================================
 report_power
============================================================================


======================= Slowest Corner =================================

Group                  Internal  Switching    Leakage      Total
                          Power      Power      Power      Power
----------------------------------------------------------------
Sequential             6.01e-06   3.66e-06   2.36e-07   9.91e-06  53.1%
Combinational          4.63e-06   3.64e-06   4.82e-07   8.76e-06  46.9%
Macro                  0.00e+00   0.00e+00   0.00e+00   0.00e+00   0.0%
Pad                    0.00e+00   0.00e+00   0.00e+00   0.00e+00   0.0%
----------------------------------------------------------------
Total                  1.06e-05   7.30e-06   7.18e-07   1.87e-05 100.0%
                          57.0%      39.1%       3.8%

======================= Typical Corner ===================================

Group                  Internal  Switching    Leakage      Total
                          Power      Power      Power      Power
----------------------------------------------------------------
Sequential             7.50e-06   4.68e-06   1.35e-10   1.22e-05  54.0%
Combinational          5.66e-06   4.70e-06   1.41e-09   1.04e-05  46.0%
Macro                  0.00e+00   0.00e+00   0.00e+00   0.00e+00   0.0%
Pad                    0.00e+00   0.00e+00   0.00e+00   0.00e+00   0.0%
----------------------------------------------------------------
Total                  1.32e-05   9.38e-06   1.54e-09   2.25e-05 100.0%
                          58.4%      41.6%       0.0%


======================= Fastest Corner =================================

Group                  Internal  Switching    Leakage      Total
                          Power      Power      Power      Power
----------------------------------------------------------------
Sequential             8.57e-06   5.58e-06   2.38e-10   1.41e-05  54.7%
Combinational          6.07e-06   5.62e-06   1.60e-09   1.17e-05  45.3%
Macro                  0.00e+00   0.00e+00   0.00e+00   0.00e+00   0.0%
Pad                    0.00e+00   0.00e+00   0.00e+00   0.00e+00   0.0%
----------------------------------------------------------------
Total                  1.46e-05   1.12e-05   1.84e-09   2.58e-05 100.0%
                          56.7%      43.3%       0.0%
