
===========================================================================
report_checks -path_delay min (Hold)
============================================================================

======================= Slowest Corner ===================================

Startpoint: _132_ (rising edge-triggered flip-flop)
Endpoint: count[5] (output port clocked by clk)
Path Group: clk
Path Type: min
Corner: ss

Fanout     Cap    Slew   Delay    Time   Description
-----------------------------------------------------------------------------
                  0.24    0.00    0.00 ^ _132_/CLK (sky130_fd_sc_hd__dfxtp_1)
                  0.09    0.66    0.66 v _132_/Q (sky130_fd_sc_hd__dfxtp_1)
     3    0.01                           net15 (net)
                  0.09    0.00    0.66 v output15/A (sky130_fd_sc_hd__buf_2)
                  0.16    0.34    0.99 v output15/X (sky130_fd_sc_hd__buf_2)
     1    0.03                           count[5] (net)
                  0.16    0.00    0.99 v count[5] (out)
                                  0.99   data arrival time

                  0.00    0.00    0.00   clock clk (rise edge)
                          0.00    0.00   clock network delay (ideal)
                          0.25    0.25   clock uncertainty
                          0.00    0.25   clock reconvergence pessimism
                         -2.00   -1.75   output external delay
                                 -1.75   data required time
-----------------------------------------------------------------------------
                                 -1.75   data required time
                                 -0.99   data arrival time
-----------------------------------------------------------------------------
                                  2.74   slack (MET)


Startpoint: _142_ (rising edge-triggered flip-flop)
Endpoint: count[15] (output port clocked by clk)
Path Group: clk
Path Type: min
Corner: ss

Fanout     Cap    Slew   Delay    Time   Description
-----------------------------------------------------------------------------
                  0.24    0.00    0.00 ^ _142_/CLK (sky130_fd_sc_hd__dfxtp_1)
                  0.10    0.67    0.67 v _142_/Q (sky130_fd_sc_hd__dfxtp_1)
     3    0.01                           net10 (net)
                  0.10    0.00    0.67 v output10/A (sky130_fd_sc_hd__buf_2)
                  0.17    0.34    1.01 v output10/X (sky130_fd_sc_hd__buf_2)
     1    0.03                           count[15] (net)
                  0.17    0.00    1.01 v count[15] (out)
                                  1.01   data arrival time

                  0.00    0.00    0.00   clock clk (rise edge)
                          0.00    0.00   clock network delay (ideal)
                          0.25    0.25   clock uncertainty
                          0.00    0.25   clock reconvergence pessimism
                         -2.00   -1.75   output external delay
                                 -1.75   data required time
-----------------------------------------------------------------------------
                                 -1.75   data required time
                                 -1.01   data arrival time
-----------------------------------------------------------------------------
                                  2.76   slack (MET)


Startpoint: _136_ (rising edge-triggered flip-flop)
Endpoint: count[9] (output port clocked by clk)
Path Group: clk
Path Type: min
Corner: ss

Fanout     Cap    Slew   Delay    Time   Description
-----------------------------------------------------------------------------
                  0.24    0.00    0.00 ^ _136_/CLK (sky130_fd_sc_hd__dfxtp_1)
                  0.10    0.67    0.67 v _136_/Q (sky130_fd_sc_hd__dfxtp_1)
     3    0.01                           net19 (net)
                  0.10    0.00    0.67 v output19/A (sky130_fd_sc_hd__buf_2)
                  0.17    0.34    1.01 v output19/X (sky130_fd_sc_hd__buf_2)
     1    0.03                           count[9] (net)
                  0.17    0.00    1.01 v count[9] (out)
                                  1.01   data arrival time

                  0.00    0.00    0.00   clock clk (rise edge)
                          0.00    0.00   clock network delay (ideal)
                          0.25    0.25   clock uncertainty
                          0.00    0.25   clock reconvergence pessimism
                         -2.00   -1.75   output external delay
                                 -1.75   data required time
-----------------------------------------------------------------------------
                                 -1.75   data required time
                                 -1.01   data arrival time
-----------------------------------------------------------------------------
                                  2.76   slack (MET)


Startpoint: _134_ (rising edge-triggered flip-flop)
Endpoint: count[7] (output port clocked by clk)
Path Group: clk
Path Type: min
Corner: ss

Fanout     Cap    Slew   Delay    Time   Description
-----------------------------------------------------------------------------
                  0.24    0.00    0.00 ^ _134_/CLK (sky130_fd_sc_hd__dfxtp_1)
                  0.10    0.67    0.67 v _134_/Q (sky130_fd_sc_hd__dfxtp_1)
     3    0.01                           net17 (net)
                  0.10    0.00    0.67 v output17/A (sky130_fd_sc_hd__buf_2)
                  0.16    0.34    1.01 v output17/X (sky130_fd_sc_hd__buf_2)
     1    0.03                           count[7] (net)
                  0.16    0.00    1.01 v count[7] (out)
                                  1.01   data arrival time

                  0.00    0.00    0.00   clock clk (rise edge)
                          0.00    0.00   clock network delay (ideal)
                          0.25    0.25   clock uncertainty
                          0.00    0.25   clock reconvergence pessimism
                         -2.00   -1.75   output external delay
                                 -1.75   data required time
-----------------------------------------------------------------------------
                                 -1.75   data required time
                                 -1.01   data arrival time
-----------------------------------------------------------------------------
                                  2.76   slack (MET)


Startpoint: _139_ (rising edge-triggered flip-flop)
Endpoint: count[12] (output port clocked by clk)
Path Group: clk
Path Type: min
Corner: ss

Fanout     Cap    Slew   Delay    Time   Description
-----------------------------------------------------------------------------
                  0.24    0.00    0.00 ^ _139_/CLK (sky130_fd_sc_hd__dfxtp_1)
                  0.11    0.67    0.67 v _139_/Q (sky130_fd_sc_hd__dfxtp_1)
     3    0.01                           net7 (net)
                  0.11    0.00    0.67 v output7/A (sky130_fd_sc_hd__buf_2)
                  0.17    0.34    1.01 v output7/X (sky130_fd_sc_hd__buf_2)
     1    0.03                           count[12] (net)
                  0.17    0.00    1.01 v count[12] (out)
                                  1.01   data arrival time

                  0.00    0.00    0.00   clock clk (rise edge)
                          0.00    0.00   clock network delay (ideal)
                          0.25    0.25   clock uncertainty
                          0.00    0.25   clock reconvergence pessimism
                         -2.00   -1.75   output external delay
                                 -1.75   data required time
-----------------------------------------------------------------------------
                                 -1.75   data required time
                                 -1.01   data arrival time
-----------------------------------------------------------------------------
                                  2.76   slack (MET)


Startpoint: _128_ (rising edge-triggered flip-flop)
Endpoint: count[1] (output port clocked by clk)
Path Group: clk
Path Type: min
Corner: ss

Fanout     Cap    Slew   Delay    Time   Description
-----------------------------------------------------------------------------
                  0.24    0.00    0.00 ^ _128_/CLK (sky130_fd_sc_hd__dfxtp_1)
                  0.11    0.67    0.67 v _128_/Q (sky130_fd_sc_hd__dfxtp_1)
     3    0.01                           net11 (net)
                  0.11    0.00    0.67 v output11/A (sky130_fd_sc_hd__buf_2)
                  0.17    0.35    1.02 v output11/X (sky130_fd_sc_hd__buf_2)
     1    0.03                           count[1] (net)
                  0.17    0.00    1.02 v count[1] (out)
                                  1.02   data arrival time

                  0.00    0.00    0.00   clock clk (rise edge)
                          0.00    0.00   clock network delay (ideal)
                          0.25    0.25   clock uncertainty
                          0.00    0.25   clock reconvergence pessimism
                         -2.00   -1.75   output external delay
                                 -1.75   data required time
-----------------------------------------------------------------------------
                                 -1.75   data required time
                                 -1.02   data arrival time
-----------------------------------------------------------------------------
                                  2.77   slack (MET)


Startpoint: _138_ (rising edge-triggered flip-flop)
Endpoint: count[11] (output port clocked by clk)
Path Group: clk
Path Type: min
Corner: ss

Fanout     Cap    Slew   Delay    Time   Description
-----------------------------------------------------------------------------
                  0.24    0.00    0.00 ^ _138_/CLK (sky130_fd_sc_hd__dfxtp_1)
                  0.11    0.67    0.67 v _138_/Q (sky130_fd_sc_hd__dfxtp_1)
     3    0.01                           net6 (net)
                  0.11    0.00    0.67 v output6/A (sky130_fd_sc_hd__buf_2)
                  0.17    0.35    1.02 v output6/X (sky130_fd_sc_hd__buf_2)
     1    0.03                           count[11] (net)
                  0.17    0.00    1.02 v count[11] (out)
                                  1.02   data arrival time

                  0.00    0.00    0.00   clock clk (rise edge)
                          0.00    0.00   clock network delay (ideal)
                          0.25    0.25   clock uncertainty
                          0.00    0.25   clock reconvergence pessimism
                         -2.00   -1.75   output external delay
                                 -1.75   data required time
-----------------------------------------------------------------------------
                                 -1.75   data required time
                                 -1.02   data arrival time
-----------------------------------------------------------------------------
                                  2.77   slack (MET)


Startpoint: _141_ (rising edge-triggered flip-flop)
Endpoint: count[14] (output port clocked by clk)
Path Group: clk
Path Type: min
Corner: ss

Fanout     Cap    Slew   Delay    Time   Description
-----------------------------------------------------------------------------
                  0.24    0.00    0.00 ^ _141_/CLK (sky130_fd_sc_hd__dfxtp_1)
                  0.11    0.68    0.68 v _141_/Q (sky130_fd_sc_hd__dfxtp_1)
     3    0.01                           net9 (net)
                  0.11    0.00    0.68 v output9/A (sky130_fd_sc_hd__buf_2)
                  0.16    0.35    1.02 v output9/X (sky130_fd_sc_hd__buf_2)
     1    0.03                           count[14] (net)
                  0.16    0.00    1.02 v count[14] (out)
                                  1.02   data arrival time

                  0.00    0.00    0.00   clock clk (rise edge)
                          0.00    0.00   clock network delay (ideal)
                          0.25    0.25   clock uncertainty
                          0.00    0.25   clock reconvergence pessimism
                         -2.00   -1.75   output external delay
                                 -1.75   data required time
-----------------------------------------------------------------------------
                                 -1.75   data required time
                                 -1.02   data arrival time
-----------------------------------------------------------------------------
                                  2.77   slack (MET)


Startpoint: _131_ (rising edge-triggered flip-flop)
Endpoint: count[4] (output port clocked by clk)
Path Group: clk
Path Type: min
Corner: ss

Fanout     Cap    Slew   Delay    Time   Description
-----------------------------------------------------------------------------
                  0.24    0.00    0.00 ^ _131_/CLK (sky130_fd_sc_hd__dfxtp_1)
                  0.14    0.70    0.70 v _131_/Q (sky130_fd_sc_hd__dfxtp_1)
     4    0.01                           net14 (net)
                  0.14    0.00    0.70 v output14/A (sky130_fd_sc_hd__buf_2)
                  0.17    0.36    1.05 v output14/X (sky130_fd_sc_hd__buf_2)
     1    0.03                           count[4] (net)
                  0.17    0.00    1.05 v count[4] (out)
                                  1.05   data arrival time

                  0.00    0.00    0.00   clock clk (rise edge)
                          0.00    0.00   clock network delay (ideal)
                          0.25    0.25   clock uncertainty
                          0.00    0.25   clock reconvergence pessimism
                         -2.00   -1.75   output external delay
                                 -1.75   data required time
-----------------------------------------------------------------------------
                                 -1.75   data required time
                                 -1.05   data arrival time
-----------------------------------------------------------------------------
                                  2.80   slack (MET)


Startpoint: _133_ (rising edge-triggered flip-flop)
Endpoint: count[6] (output port clocked by clk)
Path Group: clk
Path Type: min
Corner: ss

Fanout     Cap    Slew   Delay    Time   Description
-----------------------------------------------------------------------------
                  0.24    0.00    0.00 ^ _133_/CLK (sky130_fd_sc_hd__dfxtp_2)
                  0.11    0.71    0.71 v _133_/Q (sky130_fd_sc_hd__dfxtp_2)
     5    0.02                           net16 (net)
                  0.11    0.00    0.71 v output16/A (sky130_fd_sc_hd__buf_2)
                  0.17    0.35    1.06 v output16/X (sky130_fd_sc_hd__buf_2)
     1    0.03                           count[6] (net)
                  0.17    0.00    1.06 v count[6] (out)
                                  1.06   data arrival time

                  0.00    0.00    0.00   clock clk (rise edge)
                          0.00    0.00   clock network delay (ideal)
                          0.25    0.25   clock uncertainty
                          0.00    0.25   clock reconvergence pessimism
                         -2.00   -1.75   output external delay
                                 -1.75   data required time
-----------------------------------------------------------------------------
                                 -1.75   data required time
                                 -1.06   data arrival time
-----------------------------------------------------------------------------
                                  2.81   slack (MET)


Startpoint: _130_ (rising edge-triggered flip-flop)
Endpoint: count[3] (output port clocked by clk)
Path Group: clk
Path Type: min
Corner: ss

Fanout     Cap    Slew   Delay    Time   Description
-----------------------------------------------------------------------------
                  0.24    0.00    0.00 ^ _130_/CLK (sky130_fd_sc_hd__dfxtp_1)
                  0.14    0.70    0.70 v _130_/Q (sky130_fd_sc_hd__dfxtp_1)
     3    0.01                           net13 (net)
                  0.14    0.00    0.70 v output13/A (sky130_fd_sc_hd__buf_2)
                  0.17    0.36    1.06 v output13/X (sky130_fd_sc_hd__buf_2)
     1    0.03                           count[3] (net)
                  0.17    0.00    1.06 v count[3] (out)
                                  1.06   data arrival time

                  0.00    0.00    0.00   clock clk (rise edge)
                          0.00    0.00   clock network delay (ideal)
                          0.25    0.25   clock uncertainty
                          0.00    0.25   clock reconvergence pessimism
                         -2.00   -1.75   output external delay
                                 -1.75   data required time
-----------------------------------------------------------------------------
                                 -1.75   data required time
                                 -1.06   data arrival time
-----------------------------------------------------------------------------
                                  2.81   slack (MET)


Startpoint: _127_ (rising edge-triggered flip-flop)
Endpoint: count[0] (output port clocked by clk)
Path Group: clk
Path Type: min
Corner: ss

Fanout     Cap    Slew   Delay    Time   Description
-----------------------------------------------------------------------------
                  0.24    0.00    0.00 ^ _127_/CLK (sky130_fd_sc_hd__dfxtp_2)
                  0.12    0.72    0.72 v _127_/Q (sky130_fd_sc_hd__dfxtp_2)
     5    0.02                           net4 (net)
                  0.12    0.00    0.72 v output4/A (sky130_fd_sc_hd__buf_2)
                  0.17    0.35    1.07 v output4/X (sky130_fd_sc_hd__buf_2)
     1    0.03                           count[0] (net)
                  0.17    0.00    1.07 v count[0] (out)
                                  1.07   data arrival time

                  0.00    0.00    0.00   clock clk (rise edge)
                          0.00    0.00   clock network delay (ideal)
                          0.25    0.25   clock uncertainty
                          0.00    0.25   clock reconvergence pessimism
                         -2.00   -1.75   output external delay
                                 -1.75   data required time
-----------------------------------------------------------------------------
                                 -1.75   data required time
                                 -1.07   data arrival time
-----------------------------------------------------------------------------
                                  2.82   slack (MET)


Startpoint: _135_ (rising edge-triggered flip-flop)
Endpoint: count[8] (output port clocked by clk)
Path Group: clk
Path Type: min
Corner: ss

Fanout     Cap    Slew   Delay    Time   Description
-----------------------------------------------------------------------------
                  0.24    0.00    0.00 ^ _135_/CLK (sky130_fd_sc_hd__dfxtp_1)
                  0.15    0.71    0.71 v _135_/Q (sky130_fd_sc_hd__dfxtp_1)
     3    0.02                           net18 (net)
                  0.15    0.00    0.71 v output18/A (sky130_fd_sc_hd__buf_2)
                  0.17    0.37    1.08 v output18/X (sky130_fd_sc_hd__buf_2)
     1    0.03                           count[8] (net)
                  0.17    0.00    1.08 v count[8] (out)
                                  1.08   data arrival time

                  0.00    0.00    0.00   clock clk (rise edge)
                          0.00    0.00   clock network delay (ideal)
                          0.25    0.25   clock uncertainty
                          0.00    0.25   clock reconvergence pessimism
                         -2.00   -1.75   output external delay
                                 -1.75   data required time
-----------------------------------------------------------------------------
                                 -1.75   data required time
                                 -1.08   data arrival time
-----------------------------------------------------------------------------
                                  2.83   slack (MET)


Startpoint: _137_ (rising edge-triggered flip-flop)
Endpoint: count[10] (output port clocked by clk)
Path Group: clk
Path Type: min
Corner: ss

Fanout     Cap    Slew   Delay    Time   Description
-----------------------------------------------------------------------------
                  0.24    0.00    0.00 ^ _137_/CLK (sky130_fd_sc_hd__dfxtp_1)
                  0.16    0.72    0.72 v _137_/Q (sky130_fd_sc_hd__dfxtp_1)
     5    0.02                           net5 (net)
                  0.16    0.00    0.72 v output5/A (sky130_fd_sc_hd__buf_2)
                  0.17    0.37    1.09 v output5/X (sky130_fd_sc_hd__buf_2)
     1    0.03                           count[10] (net)
                  0.17    0.00    1.09 v count[10] (out)
                                  1.09   data arrival time

                  0.00    0.00    0.00   clock clk (rise edge)
                          0.00    0.00   clock network delay (ideal)
                          0.25    0.25   clock uncertainty
                          0.00    0.25   clock reconvergence pessimism
                         -2.00   -1.75   output external delay
                                 -1.75   data required time
-----------------------------------------------------------------------------
                                 -1.75   data required time
                                 -1.09   data arrival time
-----------------------------------------------------------------------------
                                  2.84   slack (MET)


Startpoint: _129_ (rising edge-triggered flip-flop)
Endpoint: count[2] (output port clocked by clk)
Path Group: clk
Path Type: min
Corner: ss

Fanout     Cap    Slew   Delay    Time   Description
-----------------------------------------------------------------------------
                  0.24    0.00    0.00 ^ _129_/CLK (sky130_fd_sc_hd__dfxtp_1)
                  0.17    0.72    0.72 v _129_/Q (sky130_fd_sc_hd__dfxtp_1)
     5    0.02                           net12 (net)
                  0.17    0.00    0.72 v output12/A (sky130_fd_sc_hd__buf_2)
                  0.17    0.37    1.09 v output12/X (sky130_fd_sc_hd__buf_2)
     1    0.03                           count[2] (net)
                  0.17    0.00    1.09 v count[2] (out)
                                  1.09   data arrival time

                  0.00    0.00    0.00   clock clk (rise edge)
                          0.00    0.00   clock network delay (ideal)
                          0.25    0.25   clock uncertainty
                          0.00    0.25   clock reconvergence pessimism
                         -2.00   -1.75   output external delay
                                 -1.75   data required time
-----------------------------------------------------------------------------
                                 -1.75   data required time
                                 -1.09   data arrival time
-----------------------------------------------------------------------------
                                  2.84   slack (MET)


Startpoint: _140_ (rising edge-triggered flip-flop)
Endpoint: count[13] (output port clocked by clk)
Path Group: clk
Path Type: min
Corner: ss

Fanout     Cap    Slew   Delay    Time   Description
-----------------------------------------------------------------------------
                  0.24    0.00    0.00 ^ _140_/CLK (sky130_fd_sc_hd__dfxtp_1)
                  0.19    0.73    0.73 v _140_/Q (sky130_fd_sc_hd__dfxtp_1)
     5    0.02                           net8 (net)
                  0.19    0.00    0.73 v output8/A (sky130_fd_sc_hd__buf_2)
                  0.17    0.39    1.12 v output8/X (sky130_fd_sc_hd__buf_2)
     1    0.03                           count[13] (net)
                  0.17    0.00    1.12 v count[13] (out)
                                  1.12   data arrival time

                  0.00    0.00    0.00   clock clk (rise edge)
                          0.00    0.00   clock network delay (ideal)
                          0.25    0.25   clock uncertainty
                          0.00    0.25   clock reconvergence pessimism
                         -2.00   -1.75   output external delay
                                 -1.75   data required time
-----------------------------------------------------------------------------
                                 -1.75   data required time
                                 -1.12   data arrival time
-----------------------------------------------------------------------------
                                  2.87   slack (MET)


Startpoint: _142_ (rising edge-triggered flip-flop)
Endpoint: count_tc (output port clocked by clk)
Path Group: clk
Path Type: min
Corner: ss

Fanout     Cap    Slew   Delay    Time   Description
-----------------------------------------------------------------------------
                  0.24    0.00    0.00 ^ _142_/CLK (sky130_fd_sc_hd__dfxtp_1)
                  0.10    0.67    0.67 v _142_/Q (sky130_fd_sc_hd__dfxtp_1)
     3    0.01                           net10 (net)
                  0.10    0.00    0.67 v _070_/A (sky130_fd_sc_hd__and4_1)
                  0.06    0.30    0.96 v _070_/X (sky130_fd_sc_hd__and4_1)
     1    0.00                           _023_ (net)
                  0.06    0.00    0.96 v _071_/A (sky130_fd_sc_hd__clkbuf_1)
                  0.11    0.19    1.16 v _071_/X (sky130_fd_sc_hd__clkbuf_1)
     2    0.01                           net20 (net)
                  0.11    0.00    1.16 v output20/A (sky130_fd_sc_hd__buf_2)
                  0.17    0.35    1.50 v output20/X (sky130_fd_sc_hd__buf_2)
     1    0.03                           count_tc (net)
                  0.17    0.00    1.50 v count_tc (out)
                                  1.50   data arrival time

                  0.00    0.00    0.00   clock clk (rise edge)
                          0.00    0.00   clock network delay (ideal)
                          0.25    0.25   clock uncertainty
                          0.00    0.25   clock reconvergence pessimism
                         -2.00   -1.75   output external delay
                                 -1.75   data required time
-----------------------------------------------------------------------------
                                 -1.75   data required time
                                 -1.50   data arrival time
-----------------------------------------------------------------------------
                                  3.25   slack (MET)



======================= Typical Corner ===================================

Startpoint: _132_ (rising edge-triggered flip-flop)
Endpoint: count[5] (output port clocked by clk)
Path Group: clk
Path Type: min
Corner: tt

Fanout     Cap    Slew   Delay    Time   Description
-----------------------------------------------------------------------------
                  0.16    0.00    0.00 ^ _132_/CLK (sky130_fd_sc_hd__dfxtp_1)
                  0.05    0.34    0.34 v _132_/Q (sky130_fd_sc_hd__dfxtp_1)
     3    0.01                           net15 (net)
                  0.05    0.00    0.34 v output15/A (sky130_fd_sc_hd__buf_2)
                  0.09    0.17    0.51 v output15/X (sky130_fd_sc_hd__buf_2)
     1    0.03                           count[5] (net)
                  0.09    0.00    0.51 v count[5] (out)
                                  0.51   data arrival time

                  0.00    0.00    0.00   clock clk (rise edge)
                          0.00    0.00   clock network delay (ideal)
                          0.25    0.25   clock uncertainty
                          0.00    0.25   clock reconvergence pessimism
                         -2.00   -1.75   output external delay
                                 -1.75   data required time
-----------------------------------------------------------------------------
                                 -1.75   data required time
                                 -0.51   data arrival time
-----------------------------------------------------------------------------
                                  2.26   slack (MET)


Startpoint: _142_ (rising edge-triggered flip-flop)
Endpoint: count[15] (output port clocked by clk)
Path Group: clk
Path Type: min
Corner: tt

Fanout     Cap    Slew   Delay    Time   Description
-----------------------------------------------------------------------------
                  0.16    0.00    0.00 ^ _142_/CLK (sky130_fd_sc_hd__dfxtp_1)
                  0.05    0.34    0.34 v _142_/Q (sky130_fd_sc_hd__dfxtp_1)
     3    0.01                           net10 (net)
                  0.05    0.00    0.34 v output10/A (sky130_fd_sc_hd__buf_2)
                  0.09    0.18    0.52 v output10/X (sky130_fd_sc_hd__buf_2)
     1    0.03                           count[15] (net)
                  0.09    0.00    0.52 v count[15] (out)
                                  0.52   data arrival time

                  0.00    0.00    0.00   clock clk (rise edge)
                          0.00    0.00   clock network delay (ideal)
                          0.25    0.25   clock uncertainty
                          0.00    0.25   clock reconvergence pessimism
                         -2.00   -1.75   output external delay
                                 -1.75   data required time
-----------------------------------------------------------------------------
                                 -1.75   data required time
                                 -0.52   data arrival time
-----------------------------------------------------------------------------
                                  2.27   slack (MET)


Startpoint: _134_ (rising edge-triggered flip-flop)
Endpoint: count[7] (output port clocked by clk)
Path Group: clk
Path Type: min
Corner: tt

Fanout     Cap    Slew   Delay    Time   Description
-----------------------------------------------------------------------------
                  0.16    0.00    0.00 ^ _134_/CLK (sky130_fd_sc_hd__dfxtp_1)
                  0.05    0.34    0.34 v _134_/Q (sky130_fd_sc_hd__dfxtp_1)
     3    0.01                           net17 (net)
                  0.05    0.00    0.34 v output17/A (sky130_fd_sc_hd__buf_2)
                  0.09    0.17    0.52 v output17/X (sky130_fd_sc_hd__buf_2)
     1    0.03                           count[7] (net)
                  0.09    0.00    0.52 v count[7] (out)
                                  0.52   data arrival time

                  0.00    0.00    0.00   clock clk (rise edge)
                          0.00    0.00   clock network delay (ideal)
                          0.25    0.25   clock uncertainty
                          0.00    0.25   clock reconvergence pessimism
                         -2.00   -1.75   output external delay
                                 -1.75   data required time
-----------------------------------------------------------------------------
                                 -1.75   data required time
                                 -0.52   data arrival time
-----------------------------------------------------------------------------
                                  2.27   slack (MET)


Startpoint: _136_ (rising edge-triggered flip-flop)
Endpoint: count[9] (output port clocked by clk)
Path Group: clk
Path Type: min
Corner: tt

Fanout     Cap    Slew   Delay    Time   Description
-----------------------------------------------------------------------------
                  0.16    0.00    0.00 ^ _136_/CLK (sky130_fd_sc_hd__dfxtp_1)
                  0.05    0.34    0.34 v _136_/Q (sky130_fd_sc_hd__dfxtp_1)
     3    0.01                           net19 (net)
                  0.05    0.00    0.34 v output19/A (sky130_fd_sc_hd__buf_2)
                  0.09    0.18    0.52 v output19/X (sky130_fd_sc_hd__buf_2)
     1    0.03                           count[9] (net)
                  0.09    0.00    0.52 v count[9] (out)
                                  0.52   data arrival time

                  0.00    0.00    0.00   clock clk (rise edge)
                          0.00    0.00   clock network delay (ideal)
                          0.25    0.25   clock uncertainty
                          0.00    0.25   clock reconvergence pessimism
                         -2.00   -1.75   output external delay
                                 -1.75   data required time
-----------------------------------------------------------------------------
                                 -1.75   data required time
                                 -0.52   data arrival time
-----------------------------------------------------------------------------
                                  2.27   slack (MET)


Startpoint: _139_ (rising edge-triggered flip-flop)
Endpoint: count[12] (output port clocked by clk)
Path Group: clk
Path Type: min
Corner: tt

Fanout     Cap    Slew   Delay    Time   Description
-----------------------------------------------------------------------------
                  0.16    0.00    0.00 ^ _139_/CLK (sky130_fd_sc_hd__dfxtp_1)
                  0.06    0.34    0.34 v _139_/Q (sky130_fd_sc_hd__dfxtp_1)
     3    0.01                           net7 (net)
                  0.06    0.00    0.34 v output7/A (sky130_fd_sc_hd__buf_2)
                  0.09    0.18    0.52 v output7/X (sky130_fd_sc_hd__buf_2)
     1    0.03                           count[12] (net)
                  0.09    0.00    0.52 v count[12] (out)
                                  0.52   data arrival time

                  0.00    0.00    0.00   clock clk (rise edge)
                          0.00    0.00   clock network delay (ideal)
                          0.25    0.25   clock uncertainty
                          0.00    0.25   clock reconvergence pessimism
                         -2.00   -1.75   output external delay
                                 -1.75   data required time
-----------------------------------------------------------------------------
                                 -1.75   data required time
                                 -0.52   data arrival time
-----------------------------------------------------------------------------
                                  2.27   slack (MET)


Startpoint: _128_ (rising edge-triggered flip-flop)
Endpoint: count[1] (output port clocked by clk)
Path Group: clk
Path Type: min
Corner: tt

Fanout     Cap    Slew   Delay    Time   Description
-----------------------------------------------------------------------------
                  0.16    0.00    0.00 ^ _128_/CLK (sky130_fd_sc_hd__dfxtp_1)
                  0.06    0.34    0.34 v _128_/Q (sky130_fd_sc_hd__dfxtp_1)
     3    0.01                           net11 (net)
                  0.06    0.00    0.34 v output11/A (sky130_fd_sc_hd__buf_2)
                  0.09    0.18    0.52 v output11/X (sky130_fd_sc_hd__buf_2)
     1    0.03                           count[1] (net)
                  0.09    0.00    0.52 v count[1] (out)
                                  0.52   data arrival time

                  0.00    0.00    0.00   clock clk (rise edge)
                          0.00    0.00   clock network delay (ideal)
                          0.25    0.25   clock uncertainty
                          0.00    0.25   clock reconvergence pessimism
                         -2.00   -1.75   output external delay
                                 -1.75   data required time
-----------------------------------------------------------------------------
                                 -1.75   data required time
                                 -0.52   data arrival time
-----------------------------------------------------------------------------
                                  2.27   slack (MET)


Startpoint: _138_ (rising edge-triggered flip-flop)
Endpoint: count[11] (output port clocked by clk)
Path Group: clk
Path Type: min
Corner: tt

Fanout     Cap    Slew   Delay    Time   Description
-----------------------------------------------------------------------------
                  0.16    0.00    0.00 ^ _138_/CLK (sky130_fd_sc_hd__dfxtp_1)
                  0.06    0.34    0.34 v _138_/Q (sky130_fd_sc_hd__dfxtp_1)
     3    0.01                           net6 (net)
                  0.06    0.00    0.34 v output6/A (sky130_fd_sc_hd__buf_2)
                  0.09    0.18    0.52 v output6/X (sky130_fd_sc_hd__buf_2)
     1    0.03                           count[11] (net)
                  0.09    0.00    0.52 v count[11] (out)
                                  0.52   data arrival time

                  0.00    0.00    0.00   clock clk (rise edge)
                          0.00    0.00   clock network delay (ideal)
                          0.25    0.25   clock uncertainty
                          0.00    0.25   clock reconvergence pessimism
                         -2.00   -1.75   output external delay
                                 -1.75   data required time
-----------------------------------------------------------------------------
                                 -1.75   data required time
                                 -0.52   data arrival time
-----------------------------------------------------------------------------
                                  2.27   slack (MET)


Startpoint: _141_ (rising edge-triggered flip-flop)
Endpoint: count[14] (output port clocked by clk)
Path Group: clk
Path Type: min
Corner: tt

Fanout     Cap    Slew   Delay    Time   Description
-----------------------------------------------------------------------------
                  0.16    0.00    0.00 ^ _141_/CLK (sky130_fd_sc_hd__dfxtp_1)
                  0.06    0.34    0.34 v _141_/Q (sky130_fd_sc_hd__dfxtp_1)
     3    0.01                           net9 (net)
                  0.06    0.00    0.35 v output9/A (sky130_fd_sc_hd__buf_2)
                  0.09    0.18    0.52 v output9/X (sky130_fd_sc_hd__buf_2)
     1    0.03                           count[14] (net)
                  0.09    0.00    0.52 v count[14] (out)
                                  0.52   data arrival time

                  0.00    0.00    0.00   clock clk (rise edge)
                          0.00    0.00   clock network delay (ideal)
                          0.25    0.25   clock uncertainty
                          0.00    0.25   clock reconvergence pessimism
                         -2.00   -1.75   output external delay
                                 -1.75   data required time
-----------------------------------------------------------------------------
                                 -1.75   data required time
                                 -0.52   data arrival time
-----------------------------------------------------------------------------
                                  2.27   slack (MET)


Startpoint: _131_ (rising edge-triggered flip-flop)
Endpoint: count[4] (output port clocked by clk)
Path Group: clk
Path Type: min
Corner: tt

Fanout     Cap    Slew   Delay    Time   Description
-----------------------------------------------------------------------------
                  0.16    0.00    0.00 ^ _131_/CLK (sky130_fd_sc_hd__dfxtp_1)
                  0.07    0.36    0.36 v _131_/Q (sky130_fd_sc_hd__dfxtp_1)
     4    0.01                           net14 (net)
                  0.07    0.00    0.36 v output14/A (sky130_fd_sc_hd__buf_2)
                  0.09    0.18    0.54 v output14/X (sky130_fd_sc_hd__buf_2)
     1    0.03                           count[4] (net)
                  0.09    0.00    0.54 v count[4] (out)
                                  0.54   data arrival time

                  0.00    0.00    0.00   clock clk (rise edge)
                          0.00    0.00   clock network delay (ideal)
                          0.25    0.25   clock uncertainty
                          0.00    0.25   clock reconvergence pessimism
                         -2.00   -1.75   output external delay
                                 -1.75   data required time
-----------------------------------------------------------------------------
                                 -1.75   data required time
                                 -0.54   data arrival time
-----------------------------------------------------------------------------
                                  2.29   slack (MET)


Startpoint: _130_ (rising edge-triggered flip-flop)
Endpoint: count[3] (output port clocked by clk)
Path Group: clk
Path Type: min
Corner: tt

Fanout     Cap    Slew   Delay    Time   Description
-----------------------------------------------------------------------------
                  0.16    0.00    0.00 ^ _130_/CLK (sky130_fd_sc_hd__dfxtp_1)
                  0.08    0.36    0.36 v _130_/Q (sky130_fd_sc_hd__dfxtp_1)
     3    0.01                           net13 (net)
                  0.08    0.00    0.36 v output13/A (sky130_fd_sc_hd__buf_2)
                  0.09    0.18    0.54 v output13/X (sky130_fd_sc_hd__buf_2)
     1    0.03                           count[3] (net)
                  0.09    0.00    0.54 v count[3] (out)
                                  0.54   data arrival time

                  0.00    0.00    0.00   clock clk (rise edge)
                          0.00    0.00   clock network delay (ideal)
                          0.25    0.25   clock uncertainty
                          0.00    0.25   clock reconvergence pessimism
                         -2.00   -1.75   output external delay
                                 -1.75   data required time
-----------------------------------------------------------------------------
                                 -1.75   data required time
                                 -0.54   data arrival time
-----------------------------------------------------------------------------
                                  2.29   slack (MET)


Startpoint: _133_ (rising edge-triggered flip-flop)
Endpoint: count[6] (output port clocked by clk)
Path Group: clk
Path Type: min
Corner: tt

Fanout     Cap    Slew   Delay    Time   Description
-----------------------------------------------------------------------------
                  0.16    0.00    0.00 ^ _133_/CLK (sky130_fd_sc_hd__dfxtp_2)
                  0.06    0.36    0.36 v _133_/Q (sky130_fd_sc_hd__dfxtp_2)
     5    0.02                           net16 (net)
                  0.06    0.00    0.37 v output16/A (sky130_fd_sc_hd__buf_2)
                  0.09    0.18    0.54 v output16/X (sky130_fd_sc_hd__buf_2)
     1    0.03                           count[6] (net)
                  0.09    0.00    0.54 v count[6] (out)
                                  0.54   data arrival time

                  0.00    0.00    0.00   clock clk (rise edge)
                          0.00    0.00   clock network delay (ideal)
                          0.25    0.25   clock uncertainty
                          0.00    0.25   clock reconvergence pessimism
                         -2.00   -1.75   output external delay
                                 -1.75   data required time
-----------------------------------------------------------------------------
                                 -1.75   data required time
                                 -0.54   data arrival time
-----------------------------------------------------------------------------
                                  2.29   slack (MET)


Startpoint: _127_ (rising edge-triggered flip-flop)
Endpoint: count[0] (output port clocked by clk)
Path Group: clk
Path Type: min
Corner: tt

Fanout     Cap    Slew   Delay    Time   Description
-----------------------------------------------------------------------------
                  0.16    0.00    0.00 ^ _127_/CLK (sky130_fd_sc_hd__dfxtp_2)
                  0.06    0.37    0.37 v _127_/Q (sky130_fd_sc_hd__dfxtp_2)
     5    0.02                           net4 (net)
                  0.06    0.00    0.37 v output4/A (sky130_fd_sc_hd__buf_2)
                  0.09    0.18    0.55 v output4/X (sky130_fd_sc_hd__buf_2)
     1    0.03                           count[0] (net)
                  0.09    0.00    0.55 v count[0] (out)
                                  0.55   data arrival time

                  0.00    0.00    0.00   clock clk (rise edge)
                          0.00    0.00   clock network delay (ideal)
                          0.25    0.25   clock uncertainty
                          0.00    0.25   clock reconvergence pessimism
                         -2.00   -1.75   output external delay
                                 -1.75   data required time
-----------------------------------------------------------------------------
                                 -1.75   data required time
                                 -0.55   data arrival time
-----------------------------------------------------------------------------
                                  2.30   slack (MET)


Startpoint: _135_ (rising edge-triggered flip-flop)
Endpoint: count[8] (output port clocked by clk)
Path Group: clk
Path Type: min
Corner: tt

Fanout     Cap    Slew   Delay    Time   Description
-----------------------------------------------------------------------------
                  0.16    0.00    0.00 ^ _135_/CLK (sky130_fd_sc_hd__dfxtp_1)
                  0.08    0.36    0.36 v _135_/Q (sky130_fd_sc_hd__dfxtp_1)
     3    0.02                           net18 (net)
                  0.08    0.00    0.36 v output18/A (sky130_fd_sc_hd__buf_2)
                  0.09    0.19    0.55 v output18/X (sky130_fd_sc_hd__buf_2)
     1    0.03                           count[8] (net)
                  0.09    0.00    0.55 v count[8] (out)
                                  0.55   data arrival time

                  0.00    0.00    0.00   clock clk (rise edge)
                          0.00    0.00   clock network delay (ideal)
                          0.25    0.25   clock uncertainty
                          0.00    0.25   clock reconvergence pessimism
                         -2.00   -1.75   output external delay
                                 -1.75   data required time
-----------------------------------------------------------------------------
                                 -1.75   data required time
                                 -0.55   data arrival time
-----------------------------------------------------------------------------
                                  2.30   slack (MET)


Startpoint: _137_ (rising edge-triggered flip-flop)
Endpoint: count[10] (output port clocked by clk)
Path Group: clk
Path Type: min
Corner: tt

Fanout     Cap    Slew   Delay    Time   Description
-----------------------------------------------------------------------------
                  0.16    0.00    0.00 ^ _137_/CLK (sky130_fd_sc_hd__dfxtp_1)
                  0.09    0.37    0.37 v _137_/Q (sky130_fd_sc_hd__dfxtp_1)
     5    0.02                           net5 (net)
                  0.09    0.00    0.37 v output5/A (sky130_fd_sc_hd__buf_2)
                  0.09    0.19    0.56 v output5/X (sky130_fd_sc_hd__buf_2)
     1    0.03                           count[10] (net)
                  0.09    0.00    0.56 v count[10] (out)
                                  0.56   data arrival time

                  0.00    0.00    0.00   clock clk (rise edge)
                          0.00    0.00   clock network delay (ideal)
                          0.25    0.25   clock uncertainty
                          0.00    0.25   clock reconvergence pessimism
                         -2.00   -1.75   output external delay
                                 -1.75   data required time
-----------------------------------------------------------------------------
                                 -1.75   data required time
                                 -0.56   data arrival time
-----------------------------------------------------------------------------
                                  2.31   slack (MET)


Startpoint: _129_ (rising edge-triggered flip-flop)
Endpoint: count[2] (output port clocked by clk)
Path Group: clk
Path Type: min
Corner: tt

Fanout     Cap    Slew   Delay    Time   Description
-----------------------------------------------------------------------------
                  0.16    0.00    0.00 ^ _129_/CLK (sky130_fd_sc_hd__dfxtp_1)
                  0.09    0.37    0.37 v _129_/Q (sky130_fd_sc_hd__dfxtp_1)
     5    0.02                           net12 (net)
                  0.09    0.00    0.37 v output12/A (sky130_fd_sc_hd__buf_2)
                  0.09    0.19    0.56 v output12/X (sky130_fd_sc_hd__buf_2)
     1    0.03                           count[2] (net)
                  0.09    0.00    0.56 v count[2] (out)
                                  0.56   data arrival time

                  0.00    0.00    0.00   clock clk (rise edge)
                          0.00    0.00   clock network delay (ideal)
                          0.25    0.25   clock uncertainty
                          0.00    0.25   clock reconvergence pessimism
                         -2.00   -1.75   output external delay
                                 -1.75   data required time
-----------------------------------------------------------------------------
                                 -1.75   data required time
                                 -0.56   data arrival time
-----------------------------------------------------------------------------
                                  2.31   slack (MET)


Startpoint: _140_ (rising edge-triggered flip-flop)
Endpoint: count[13] (output port clocked by clk)
Path Group: clk
Path Type: min
Corner: tt

Fanout     Cap    Slew   Delay    Time   Description
-----------------------------------------------------------------------------
                  0.16    0.00    0.00 ^ _140_/CLK (sky130_fd_sc_hd__dfxtp_1)
                  0.10    0.38    0.38 v _140_/Q (sky130_fd_sc_hd__dfxtp_1)
     5    0.02                           net8 (net)
                  0.10    0.00    0.38 v output8/A (sky130_fd_sc_hd__buf_2)
                  0.09    0.20    0.57 v output8/X (sky130_fd_sc_hd__buf_2)
     1    0.03                           count[13] (net)
                  0.09    0.00    0.58 v count[13] (out)
                                  0.58   data arrival time

                  0.00    0.00    0.00   clock clk (rise edge)
                          0.00    0.00   clock network delay (ideal)
                          0.25    0.25   clock uncertainty
                          0.00    0.25   clock reconvergence pessimism
                         -2.00   -1.75   output external delay
                                 -1.75   data required time
-----------------------------------------------------------------------------
                                 -1.75   data required time
                                 -0.58   data arrival time
-----------------------------------------------------------------------------
                                  2.33   slack (MET)


Startpoint: _142_ (rising edge-triggered flip-flop)
Endpoint: count_tc (output port clocked by clk)
Path Group: clk
Path Type: min
Corner: tt

Fanout     Cap    Slew   Delay    Time   Description
-----------------------------------------------------------------------------
                  0.16    0.00    0.00 ^ _142_/CLK (sky130_fd_sc_hd__dfxtp_1)
                  0.05    0.34    0.34 v _142_/Q (sky130_fd_sc_hd__dfxtp_1)
     3    0.01                           net10 (net)
                  0.05    0.00    0.34 v _070_/A (sky130_fd_sc_hd__and4_1)
                  0.03    0.14    0.48 v _070_/X (sky130_fd_sc_hd__and4_1)
     1    0.00                           _023_ (net)
                  0.03    0.00    0.48 v _071_/A (sky130_fd_sc_hd__clkbuf_1)
                  0.06    0.10    0.58 v _071_/X (sky130_fd_sc_hd__clkbuf_1)
     2    0.01                           net20 (net)
                  0.06    0.00    0.58 v output20/A (sky130_fd_sc_hd__buf_2)
                  0.09    0.18    0.76 v output20/X (sky130_fd_sc_hd__buf_2)
     1    0.03                           count_tc (net)
                  0.09    0.00    0.76 v count_tc (out)
                                  0.76   data arrival time

                  0.00    0.00    0.00   clock clk (rise edge)
                          0.00    0.00   clock network delay (ideal)
                          0.25    0.25   clock uncertainty
                          0.00    0.25   clock reconvergence pessimism
                         -2.00   -1.75   output external delay
                                 -1.75   data required time
-----------------------------------------------------------------------------
                                 -1.75   data required time
                                 -0.76   data arrival time
-----------------------------------------------------------------------------
                                  2.51   slack (MET)



======================= Fastest Corner ===================================

Startpoint: _132_ (rising edge-triggered flip-flop)
Endpoint: count[5] (output port clocked by clk)
Path Group: clk
Path Type: min
Corner: ff

Fanout     Cap    Slew   Delay    Time   Description
-----------------------------------------------------------------------------
                  0.12    0.00    0.00 ^ _132_/CLK (sky130_fd_sc_hd__dfxtp_1)
                  0.04    0.21    0.21 v _132_/Q (sky130_fd_sc_hd__dfxtp_1)
     3    0.01                           net15 (net)
                  0.04    0.00    0.21 v output15/A (sky130_fd_sc_hd__buf_2)
                  0.06    0.11    0.33 v output15/X (sky130_fd_sc_hd__buf_2)
     1    0.03                           count[5] (net)
                  0.06    0.00    0.33 v count[5] (out)
                                  0.33   data arrival time

                  0.00    0.00    0.00   clock clk (rise edge)
                          0.00    0.00   clock network delay (ideal)
                          0.25    0.25   clock uncertainty
                          0.00    0.25   clock reconvergence pessimism
                         -2.00   -1.75   output external delay
                                 -1.75   data required time
-----------------------------------------------------------------------------
                                 -1.75   data required time
                                 -0.33   data arrival time
-----------------------------------------------------------------------------
                                  2.08   slack (MET)


Startpoint: _142_ (rising edge-triggered flip-flop)
Endpoint: count[15] (output port clocked by clk)
Path Group: clk
Path Type: min
Corner: ff

Fanout     Cap    Slew   Delay    Time   Description
-----------------------------------------------------------------------------
                  0.12    0.00    0.00 ^ _142_/CLK (sky130_fd_sc_hd__dfxtp_1)
                  0.04    0.22    0.22 v _142_/Q (sky130_fd_sc_hd__dfxtp_1)
     3    0.01                           net10 (net)
                  0.04    0.00    0.22 v output10/A (sky130_fd_sc_hd__buf_2)
                  0.06    0.12    0.33 v output10/X (sky130_fd_sc_hd__buf_2)
     1    0.03                           count[15] (net)
                  0.06    0.00    0.33 v count[15] (out)
                                  0.33   data arrival time

                  0.00    0.00    0.00   clock clk (rise edge)
                          0.00    0.00   clock network delay (ideal)
                          0.25    0.25   clock uncertainty
                          0.00    0.25   clock reconvergence pessimism
                         -2.00   -1.75   output external delay
                                 -1.75   data required time
-----------------------------------------------------------------------------
                                 -1.75   data required time
                                 -0.33   data arrival time
-----------------------------------------------------------------------------
                                  2.08   slack (MET)


Startpoint: _134_ (rising edge-triggered flip-flop)
Endpoint: count[7] (output port clocked by clk)
Path Group: clk
Path Type: min
Corner: ff

Fanout     Cap    Slew   Delay    Time   Description
-----------------------------------------------------------------------------
                  0.12    0.00    0.00 ^ _134_/CLK (sky130_fd_sc_hd__dfxtp_1)
                  0.04    0.22    0.22 v _134_/Q (sky130_fd_sc_hd__dfxtp_1)
     3    0.01                           net17 (net)
                  0.04    0.00    0.22 v output17/A (sky130_fd_sc_hd__buf_2)
                  0.06    0.11    0.33 v output17/X (sky130_fd_sc_hd__buf_2)
     1    0.03                           count[7] (net)
                  0.06    0.00    0.33 v count[7] (out)
                                  0.33   data arrival time

                  0.00    0.00    0.00   clock clk (rise edge)
                          0.00    0.00   clock network delay (ideal)
                          0.25    0.25   clock uncertainty
                          0.00    0.25   clock reconvergence pessimism
                         -2.00   -1.75   output external delay
                                 -1.75   data required time
-----------------------------------------------------------------------------
                                 -1.75   data required time
                                 -0.33   data arrival time
-----------------------------------------------------------------------------
                                  2.08   slack (MET)


Startpoint: _136_ (rising edge-triggered flip-flop)
Endpoint: count[9] (output port clocked by clk)
Path Group: clk
Path Type: min
Corner: ff

Fanout     Cap    Slew   Delay    Time   Description
-----------------------------------------------------------------------------
                  0.12    0.00    0.00 ^ _136_/CLK (sky130_fd_sc_hd__dfxtp_1)
                  0.04    0.22    0.22 v _136_/Q (sky130_fd_sc_hd__dfxtp_1)
     3    0.01                           net19 (net)
                  0.04    0.00    0.22 v output19/A (sky130_fd_sc_hd__buf_2)
                  0.06    0.11    0.33 v output19/X (sky130_fd_sc_hd__buf_2)
     1    0.03                           count[9] (net)
                  0.06    0.00    0.33 v count[9] (out)
                                  0.33   data arrival time

                  0.00    0.00    0.00   clock clk (rise edge)
                          0.00    0.00   clock network delay (ideal)
                          0.25    0.25   clock uncertainty
                          0.00    0.25   clock reconvergence pessimism
                         -2.00   -1.75   output external delay
                                 -1.75   data required time
-----------------------------------------------------------------------------
                                 -1.75   data required time
                                 -0.33   data arrival time
-----------------------------------------------------------------------------
                                  2.08   slack (MET)


Startpoint: _139_ (rising edge-triggered flip-flop)
Endpoint: count[12] (output port clocked by clk)
Path Group: clk
Path Type: min
Corner: ff

Fanout     Cap    Slew   Delay    Time   Description
-----------------------------------------------------------------------------
                  0.12    0.00    0.00 ^ _139_/CLK (sky130_fd_sc_hd__dfxtp_1)
                  0.04    0.22    0.22 v _139_/Q (sky130_fd_sc_hd__dfxtp_1)
     3    0.01                           net7 (net)
                  0.04    0.00    0.22 v output7/A (sky130_fd_sc_hd__buf_2)
                  0.06    0.12    0.33 v output7/X (sky130_fd_sc_hd__buf_2)
     1    0.03                           count[12] (net)
                  0.06    0.00    0.33 v count[12] (out)
                                  0.33   data arrival time

                  0.00    0.00    0.00   clock clk (rise edge)
                          0.00    0.00   clock network delay (ideal)
                          0.25    0.25   clock uncertainty
                          0.00    0.25   clock reconvergence pessimism
                         -2.00   -1.75   output external delay
                                 -1.75   data required time
-----------------------------------------------------------------------------
                                 -1.75   data required time
                                 -0.33   data arrival time
-----------------------------------------------------------------------------
                                  2.08   slack (MET)


Startpoint: _128_ (rising edge-triggered flip-flop)
Endpoint: count[1] (output port clocked by clk)
Path Group: clk
Path Type: min
Corner: ff

Fanout     Cap    Slew   Delay    Time   Description
-----------------------------------------------------------------------------
                  0.12    0.00    0.00 ^ _128_/CLK (sky130_fd_sc_hd__dfxtp_1)
                  0.04    0.22    0.22 v _128_/Q (sky130_fd_sc_hd__dfxtp_1)
     3    0.01                           net11 (net)
                  0.04    0.00    0.22 v output11/A (sky130_fd_sc_hd__buf_2)
                  0.06    0.12    0.33 v output11/X (sky130_fd_sc_hd__buf_2)
     1    0.03                           count[1] (net)
                  0.06    0.00    0.34 v count[1] (out)
                                  0.34   data arrival time

                  0.00    0.00    0.00   clock clk (rise edge)
                          0.00    0.00   clock network delay (ideal)
                          0.25    0.25   clock uncertainty
                          0.00    0.25   clock reconvergence pessimism
                         -2.00   -1.75   output external delay
                                 -1.75   data required time
-----------------------------------------------------------------------------
                                 -1.75   data required time
                                 -0.34   data arrival time
-----------------------------------------------------------------------------
                                  2.09   slack (MET)


Startpoint: _138_ (rising edge-triggered flip-flop)
Endpoint: count[11] (output port clocked by clk)
Path Group: clk
Path Type: min
Corner: ff

Fanout     Cap    Slew   Delay    Time   Description
-----------------------------------------------------------------------------
                  0.12    0.00    0.00 ^ _138_/CLK (sky130_fd_sc_hd__dfxtp_1)
                  0.04    0.22    0.22 v _138_/Q (sky130_fd_sc_hd__dfxtp_1)
     3    0.01                           net6 (net)
                  0.04    0.00    0.22 v output6/A (sky130_fd_sc_hd__buf_2)
                  0.06    0.12    0.33 v output6/X (sky130_fd_sc_hd__buf_2)
     1    0.03                           count[11] (net)
                  0.06    0.00    0.34 v count[11] (out)
                                  0.34   data arrival time

                  0.00    0.00    0.00   clock clk (rise edge)
                          0.00    0.00   clock network delay (ideal)
                          0.25    0.25   clock uncertainty
                          0.00    0.25   clock reconvergence pessimism
                         -2.00   -1.75   output external delay
                                 -1.75   data required time
-----------------------------------------------------------------------------
                                 -1.75   data required time
                                 -0.34   data arrival time
-----------------------------------------------------------------------------
                                  2.09   slack (MET)


Startpoint: _141_ (rising edge-triggered flip-flop)
Endpoint: count[14] (output port clocked by clk)
Path Group: clk
Path Type: min
Corner: ff

Fanout     Cap    Slew   Delay    Time   Description
-----------------------------------------------------------------------------
                  0.12    0.00    0.00 ^ _141_/CLK (sky130_fd_sc_hd__dfxtp_1)
                  0.04    0.22    0.22 v _141_/Q (sky130_fd_sc_hd__dfxtp_1)
     3    0.01                           net9 (net)
                  0.04    0.00    0.22 v output9/A (sky130_fd_sc_hd__buf_2)
                  0.06    0.12    0.34 v output9/X (sky130_fd_sc_hd__buf_2)
     1    0.03                           count[14] (net)
                  0.06    0.00    0.34 v count[14] (out)
                                  0.34   data arrival time

                  0.00    0.00    0.00   clock clk (rise edge)
                          0.00    0.00   clock network delay (ideal)
                          0.25    0.25   clock uncertainty
                          0.00    0.25   clock reconvergence pessimism
                         -2.00   -1.75   output external delay
                                 -1.75   data required time
-----------------------------------------------------------------------------
                                 -1.75   data required time
                                 -0.34   data arrival time
-----------------------------------------------------------------------------
                                  2.09   slack (MET)


Startpoint: _131_ (rising edge-triggered flip-flop)
Endpoint: count[4] (output port clocked by clk)
Path Group: clk
Path Type: min
Corner: ff

Fanout     Cap    Slew   Delay    Time   Description
-----------------------------------------------------------------------------
                  0.12    0.00    0.00 ^ _131_/CLK (sky130_fd_sc_hd__dfxtp_1)
                  0.05    0.23    0.23 v _131_/Q (sky130_fd_sc_hd__dfxtp_1)
     4    0.01                           net14 (net)
                  0.05    0.00    0.23 v output14/A (sky130_fd_sc_hd__buf_2)
                  0.06    0.12    0.35 v output14/X (sky130_fd_sc_hd__buf_2)
     1    0.03                           count[4] (net)
                  0.06    0.00    0.35 v count[4] (out)
                                  0.35   data arrival time

                  0.00    0.00    0.00   clock clk (rise edge)
                          0.00    0.00   clock network delay (ideal)
                          0.25    0.25   clock uncertainty
                          0.00    0.25   clock reconvergence pessimism
                         -2.00   -1.75   output external delay
                                 -1.75   data required time
-----------------------------------------------------------------------------
                                 -1.75   data required time
                                 -0.35   data arrival time
-----------------------------------------------------------------------------
                                  2.10   slack (MET)


Startpoint: _130_ (rising edge-triggered flip-flop)
Endpoint: count[3] (output port clocked by clk)
Path Group: clk
Path Type: min
Corner: ff

Fanout     Cap    Slew   Delay    Time   Description
-----------------------------------------------------------------------------
                  0.12    0.00    0.00 ^ _130_/CLK (sky130_fd_sc_hd__dfxtp_1)
                  0.05    0.23    0.23 v _130_/Q (sky130_fd_sc_hd__dfxtp_1)
     3    0.01                           net13 (net)
                  0.05    0.00    0.23 v output13/A (sky130_fd_sc_hd__buf_2)
                  0.06    0.12    0.35 v output13/X (sky130_fd_sc_hd__buf_2)
     1    0.03                           count[3] (net)
                  0.06    0.00    0.35 v count[3] (out)
                                  0.35   data arrival time

                  0.00    0.00    0.00   clock clk (rise edge)
                          0.00    0.00   clock network delay (ideal)
                          0.25    0.25   clock uncertainty
                          0.00    0.25   clock reconvergence pessimism
                         -2.00   -1.75   output external delay
                                 -1.75   data required time
-----------------------------------------------------------------------------
                                 -1.75   data required time
                                 -0.35   data arrival time
-----------------------------------------------------------------------------
                                  2.10   slack (MET)


Startpoint: _133_ (rising edge-triggered flip-flop)
Endpoint: count[6] (output port clocked by clk)
Path Group: clk
Path Type: min
Corner: ff

Fanout     Cap    Slew   Delay    Time   Description
-----------------------------------------------------------------------------
                  0.12    0.00    0.00 ^ _133_/CLK (sky130_fd_sc_hd__dfxtp_2)
                  0.04    0.23    0.23 v _133_/Q (sky130_fd_sc_hd__dfxtp_2)
     5    0.02                           net16 (net)
                  0.04    0.00    0.23 v output16/A (sky130_fd_sc_hd__buf_2)
                  0.06    0.12    0.35 v output16/X (sky130_fd_sc_hd__buf_2)
     1    0.03                           count[6] (net)
                  0.06    0.00    0.35 v count[6] (out)
                                  0.35   data arrival time

                  0.00    0.00    0.00   clock clk (rise edge)
                          0.00    0.00   clock network delay (ideal)
                          0.25    0.25   clock uncertainty
                          0.00    0.25   clock reconvergence pessimism
                         -2.00   -1.75   output external delay
                                 -1.75   data required time
-----------------------------------------------------------------------------
                                 -1.75   data required time
                                 -0.35   data arrival time
-----------------------------------------------------------------------------
                                  2.10   slack (MET)


Startpoint: _127_ (rising edge-triggered flip-flop)
Endpoint: count[0] (output port clocked by clk)
Path Group: clk
Path Type: min
Corner: ff

Fanout     Cap    Slew   Delay    Time   Description
-----------------------------------------------------------------------------
                  0.12    0.00    0.00 ^ _127_/CLK (sky130_fd_sc_hd__dfxtp_2)
                  0.05    0.23    0.23 v _127_/Q (sky130_fd_sc_hd__dfxtp_2)
     5    0.02                           net4 (net)
                  0.05    0.00    0.24 v output4/A (sky130_fd_sc_hd__buf_2)
                  0.06    0.12    0.35 v output4/X (sky130_fd_sc_hd__buf_2)
     1    0.03                           count[0] (net)
                  0.06    0.00    0.35 v count[0] (out)
                                  0.35   data arrival time

                  0.00    0.00    0.00   clock clk (rise edge)
                          0.00    0.00   clock network delay (ideal)
                          0.25    0.25   clock uncertainty
                          0.00    0.25   clock reconvergence pessimism
                         -2.00   -1.75   output external delay
                                 -1.75   data required time
-----------------------------------------------------------------------------
                                 -1.75   data required time
                                 -0.35   data arrival time
-----------------------------------------------------------------------------
                                  2.10   slack (MET)


Startpoint: _135_ (rising edge-triggered flip-flop)
Endpoint: count[8] (output port clocked by clk)
Path Group: clk
Path Type: min
Corner: ff

Fanout     Cap    Slew   Delay    Time   Description
-----------------------------------------------------------------------------
                  0.12    0.00    0.00 ^ _135_/CLK (sky130_fd_sc_hd__dfxtp_1)
                  0.06    0.23    0.23 v _135_/Q (sky130_fd_sc_hd__dfxtp_1)
     3    0.02                           net18 (net)
                  0.06    0.00    0.23 v output18/A (sky130_fd_sc_hd__buf_2)
                  0.06    0.12    0.35 v output18/X (sky130_fd_sc_hd__buf_2)
     1    0.03                           count[8] (net)
                  0.06    0.00    0.36 v count[8] (out)
                                  0.36   data arrival time

                  0.00    0.00    0.00   clock clk (rise edge)
                          0.00    0.00   clock network delay (ideal)
                          0.25    0.25   clock uncertainty
                          0.00    0.25   clock reconvergence pessimism
                         -2.00   -1.75   output external delay
                                 -1.75   data required time
-----------------------------------------------------------------------------
                                 -1.75   data required time
                                 -0.36   data arrival time
-----------------------------------------------------------------------------
                                  2.11   slack (MET)


Startpoint: _137_ (rising edge-triggered flip-flop)
Endpoint: count[10] (output port clocked by clk)
Path Group: clk
Path Type: min
Corner: ff

Fanout     Cap    Slew   Delay    Time   Description
-----------------------------------------------------------------------------
                  0.12    0.00    0.00 ^ _137_/CLK (sky130_fd_sc_hd__dfxtp_1)
                  0.06    0.23    0.23 v _137_/Q (sky130_fd_sc_hd__dfxtp_1)
     5    0.02                           net5 (net)
                  0.06    0.00    0.23 v output5/A (sky130_fd_sc_hd__buf_2)
                  0.06    0.12    0.36 v output5/X (sky130_fd_sc_hd__buf_2)
     1    0.03                           count[10] (net)
                  0.06    0.00    0.36 v count[10] (out)
                                  0.36   data arrival time

                  0.00    0.00    0.00   clock clk (rise edge)
                          0.00    0.00   clock network delay (ideal)
                          0.25    0.25   clock uncertainty
                          0.00    0.25   clock reconvergence pessimism
                         -2.00   -1.75   output external delay
                                 -1.75   data required time
-----------------------------------------------------------------------------
                                 -1.75   data required time
                                 -0.36   data arrival time
-----------------------------------------------------------------------------
                                  2.11   slack (MET)


Startpoint: _129_ (rising edge-triggered flip-flop)
Endpoint: count[2] (output port clocked by clk)
Path Group: clk
Path Type: min
Corner: ff

Fanout     Cap    Slew   Delay    Time   Description
-----------------------------------------------------------------------------
                  0.12    0.00    0.00 ^ _129_/CLK (sky130_fd_sc_hd__dfxtp_1)
                  0.06    0.23    0.23 v _129_/Q (sky130_fd_sc_hd__dfxtp_1)
     5    0.02                           net12 (net)
                  0.06    0.00    0.24 v output12/A (sky130_fd_sc_hd__buf_2)
                  0.06    0.12    0.36 v output12/X (sky130_fd_sc_hd__buf_2)
     1    0.03                           count[2] (net)
                  0.06    0.00    0.36 v count[2] (out)
                                  0.36   data arrival time

                  0.00    0.00    0.00   clock clk (rise edge)
                          0.00    0.00   clock network delay (ideal)
                          0.25    0.25   clock uncertainty
                          0.00    0.25   clock reconvergence pessimism
                         -2.00   -1.75   output external delay
                                 -1.75   data required time
-----------------------------------------------------------------------------
                                 -1.75   data required time
                                 -0.36   data arrival time
-----------------------------------------------------------------------------
                                  2.11   slack (MET)


Startpoint: _140_ (rising edge-triggered flip-flop)
Endpoint: count[13] (output port clocked by clk)
Path Group: clk
Path Type: min
Corner: ff

Fanout     Cap    Slew   Delay    Time   Description
-----------------------------------------------------------------------------
                  0.12    0.00    0.00 ^ _140_/CLK (sky130_fd_sc_hd__dfxtp_1)
                  0.07    0.24    0.24 v _140_/Q (sky130_fd_sc_hd__dfxtp_1)
     5    0.02                           net8 (net)
                  0.07    0.00    0.24 v output8/A (sky130_fd_sc_hd__buf_2)
                  0.07    0.13    0.37 v output8/X (sky130_fd_sc_hd__buf_2)
     1    0.03                           count[13] (net)
                  0.07    0.00    0.37 v count[13] (out)
                                  0.37   data arrival time

                  0.00    0.00    0.00   clock clk (rise edge)
                          0.00    0.00   clock network delay (ideal)
                          0.25    0.25   clock uncertainty
                          0.00    0.25   clock reconvergence pessimism
                         -2.00   -1.75   output external delay
                                 -1.75   data required time
-----------------------------------------------------------------------------
                                 -1.75   data required time
                                 -0.37   data arrival time
-----------------------------------------------------------------------------
                                  2.12   slack (MET)


Startpoint: _142_ (rising edge-triggered flip-flop)
Endpoint: count_tc (output port clocked by clk)
Path Group: clk
Path Type: min
Corner: ff

Fanout     Cap    Slew   Delay    Time   Description
-----------------------------------------------------------------------------
                  0.12    0.00    0.00 ^ _142_/CLK (sky130_fd_sc_hd__dfxtp_1)
                  0.04    0.22    0.22 v _142_/Q (sky130_fd_sc_hd__dfxtp_1)
     3    0.01                           net10 (net)
                  0.04    0.00    0.22 v _070_/A (sky130_fd_sc_hd__and4_1)
                  0.02    0.09    0.30 v _070_/X (sky130_fd_sc_hd__and4_1)
     1    0.00                           _023_ (net)
                  0.02    0.00    0.30 v _071_/A (sky130_fd_sc_hd__clkbuf_1)
                  0.04    0.07    0.37 v _071_/X (sky130_fd_sc_hd__clkbuf_1)
     2    0.01                           net20 (net)
                  0.04    0.00    0.37 v output20/A (sky130_fd_sc_hd__buf_2)
                  0.06    0.11    0.49 v output20/X (sky130_fd_sc_hd__buf_2)
     1    0.03                           count_tc (net)
                  0.06    0.00    0.49 v count_tc (out)
                                  0.49   data arrival time

                  0.00    0.00    0.00   clock clk (rise edge)
                          0.00    0.00   clock network delay (ideal)
                          0.25    0.25   clock uncertainty
                          0.00    0.25   clock reconvergence pessimism
                         -2.00   -1.75   output external delay
                                 -1.75   data required time
-----------------------------------------------------------------------------
                                 -1.75   data required time
                                 -0.49   data arrival time
-----------------------------------------------------------------------------
                                  2.24   slack (MET)


