First Layout: /openlane/designs/counter_16b/runs/RUN_2022.03.17_11.20.16/results/finishing/counter_16b.gds
Second Layout: /openlane/designs/counter_16b/runs/RUN_2022.03.17_11.20.16/results/finishing/counter_16b.klayout.gds
Design Name: counter_16b
Output GDS will be: /openlane/designs/counter_16b/runs/RUN_2022.03.17_11.20.16/reports/finishing/counter_16b.xor.xml
Reading /openlane/designs/counter_16b/runs/RUN_2022.03.17_11.20.16/results/finishing/counter_16b.gds ..
Reading /openlane/designs/counter_16b/runs/RUN_2022.03.17_11.20.16/results/finishing/counter_16b.klayout.gds ..
--- Running XOR for 122/16 ---
"input" in: xor.drc:38
    Polygons (raw): 487 (flat)  32 (hierarchical)
    Elapsed: 0.000s  Memory: 349.00M
"input" in: xor.drc:38
    Polygons (raw): 487 (flat)  32 (hierarchical)
    Elapsed: 0.000s  Memory: 349.00M
"^" in: xor.drc:38
    Polygons (raw): 0 (flat)  0 (hierarchical)
    Elapsed: 0.010s  Memory: 349.00M
XOR differences: 0
"output" in: xor.drc:40
    Polygons (raw): 0 (flat)  0 (hierarchical)
    Elapsed: 0.000s  Memory: 349.00M
--- Running XOR for 235/4 ---
"input" in: xor.drc:38
    Polygons (raw): 1 (flat)  1 (hierarchical)
    Elapsed: 0.000s  Memory: 349.00M
"input" in: xor.drc:38
    Polygons (raw): 1 (flat)  1 (hierarchical)
    Elapsed: 0.000s  Memory: 349.00M
"^" in: xor.drc:38
    Polygons (raw): 0 (flat)  0 (hierarchical)
    Elapsed: 0.000s  Memory: 349.00M
XOR differences: 0
"output" in: xor.drc:40
    Polygons (raw): 0 (flat)  0 (hierarchical)
    Elapsed: 0.000s  Memory: 349.00M
--- Running XOR for 236/0 ---
"input" in: xor.drc:38
    Polygons (raw): 405 (flat)  28 (hierarchical)
    Elapsed: 0.000s  Memory: 349.00M
"input" in: xor.drc:38
    Polygons (raw): 405 (flat)  28 (hierarchical)
    Elapsed: 0.000s  Memory: 349.00M
"^" in: xor.drc:38
    Polygons (raw): 0 (flat)  0 (hierarchical)
    Elapsed: 0.000s  Memory: 349.00M
XOR differences: 0
"output" in: xor.drc:40
    Polygons (raw): 0 (flat)  0 (hierarchical)
    Elapsed: 0.000s  Memory: 349.00M
--- Running XOR for 64/16 ---
"input" in: xor.drc:38
    Polygons (raw): 487 (flat)  32 (hierarchical)
    Elapsed: 0.010s  Memory: 349.00M
"input" in: xor.drc:38
    Polygons (raw): 487 (flat)  32 (hierarchical)
    Elapsed: 0.000s  Memory: 349.00M
"^" in: xor.drc:38
    Polygons (raw): 0 (flat)  0 (hierarchical)
    Elapsed: 0.000s  Memory: 349.00M
XOR differences: 0
"output" in: xor.drc:40
    Polygons (raw): 0 (flat)  0 (hierarchical)
    Elapsed: 0.000s  Memory: 349.00M
--- Running XOR for 64/20 ---
"input" in: xor.drc:38
    Polygons (raw): 521 (flat)  31 (hierarchical)
    Elapsed: 0.000s  Memory: 349.00M
"input" in: xor.drc:38
    Polygons (raw): 521 (flat)  31 (hierarchical)
    Elapsed: 0.000s  Memory: 349.00M
"^" in: xor.drc:38
    Polygons (raw): 0 (flat)  0 (hierarchical)
    Elapsed: 0.010s  Memory: 349.00M
XOR differences: 0
"output" in: xor.drc:40
    Polygons (raw): 0 (flat)  0 (hierarchical)
    Elapsed: 0.000s  Memory: 349.00M
--- Running XOR for 64/5 ---
"input" in: xor.drc:38
    Polygons (raw): 0 (flat)  0 (hierarchical)
    Elapsed: 0.000s  Memory: 349.00M
"input" in: xor.drc:38
    Polygons (raw): 0 (flat)  0 (hierarchical)
    Elapsed: 0.000s  Memory: 349.00M
"^" in: xor.drc:38
    Polygons (raw): 0 (flat)  0 (hierarchical)
    Elapsed: 0.010s  Memory: 349.00M
XOR differences: 0
"output" in: xor.drc:40
    Polygons (raw): 0 (flat)  0 (hierarchical)
    Elapsed: 0.000s  Memory: 349.00M
--- Running XOR for 64/59 ---
"input" in: xor.drc:38
    Polygons (raw): 0 (flat)  0 (hierarchical)
    Elapsed: 0.000s  Memory: 349.00M
"input" in: xor.drc:38
    Polygons (raw): 0 (flat)  0 (hierarchical)
    Elapsed: 0.000s  Memory: 349.00M
"^" in: xor.drc:38
    Polygons (raw): 0 (flat)  0 (hierarchical)
    Elapsed: 0.000s  Memory: 349.00M
XOR differences: 0
"output" in: xor.drc:40
    Polygons (raw): 0 (flat)  0 (hierarchical)
    Elapsed: 0.010s  Memory: 349.00M
--- Running XOR for 65/20 ---
"input" in: xor.drc:38
    Polygons (raw): 948 (flat)  80 (hierarchical)
    Elapsed: 0.000s  Memory: 349.00M
"input" in: xor.drc:38
    Polygons (raw): 948 (flat)  80 (hierarchical)
    Elapsed: 0.000s  Memory: 349.00M
"^" in: xor.drc:38
    Polygons (raw): 0 (flat)  0 (hierarchical)
    Elapsed: 0.010s  Memory: 349.00M
XOR differences: 0
"output" in: xor.drc:40
    Polygons (raw): 0 (flat)  0 (hierarchical)
    Elapsed: 0.000s  Memory: 349.00M
--- Running XOR for 65/44 ---
"input" in: xor.drc:38
    Polygons (raw): 100 (flat)  2 (hierarchical)
    Elapsed: 0.010s  Memory: 349.00M
"input" in: xor.drc:38
    Polygons (raw): 100 (flat)  2 (hierarchical)
    Elapsed: 0.000s  Memory: 349.00M
"^" in: xor.drc:38
    Polygons (raw): 0 (flat)  0 (hierarchical)
    Elapsed: 0.000s  Memory: 349.00M
XOR differences: 0
"output" in: xor.drc:40
    Polygons (raw): 0 (flat)  0 (hierarchical)
    Elapsed: 0.000s  Memory: 349.00M
--- Running XOR for 66/20 ---
"input" in: xor.drc:38
    Polygons (raw): 1194 (flat)  128 (hierarchical)
    Elapsed: 0.000s  Memory: 349.00M
"input" in: xor.drc:38
    Polygons (raw): 1194 (flat)  128 (hierarchical)
    Elapsed: 0.010s  Memory: 349.00M
"^" in: xor.drc:38
    Polygons (raw): 0 (flat)  0 (hierarchical)
    Elapsed: 0.010s  Memory: 349.00M
XOR differences: 0
"output" in: xor.drc:40
    Polygons (raw): 0 (flat)  0 (hierarchical)
    Elapsed: 0.000s  Memory: 349.00M
--- Running XOR for 66/44 ---
"input" in: xor.drc:38
    Polygons (raw): 5822 (flat)  535 (hierarchical)
    Elapsed: 0.000s  Memory: 349.00M
"input" in: xor.drc:38
    Polygons (raw): 5822 (flat)  535 (hierarchical)
    Elapsed: 0.000s  Memory: 349.00M
"^" in: xor.drc:38
    Polygons (raw): 0 (flat)  0 (hierarchical)
    Elapsed: 0.030s  Memory: 349.00M
XOR differences: 0
"output" in: xor.drc:40
    Polygons (raw): 0 (flat)  0 (hierarchical)
    Elapsed: 0.000s  Memory: 349.00M
--- Running XOR for 67/16 ---
"input" in: xor.drc:38
    Polygons (raw): 668 (flat)  161 (hierarchical)
    Elapsed: 0.000s  Memory: 349.00M
"input" in: xor.drc:38
    Polygons (raw): 668 (flat)  161 (hierarchical)
    Elapsed: 0.000s  Memory: 349.00M
"^" in: xor.drc:38
    Polygons (raw): 0 (flat)  0 (hierarchical)
    Elapsed: 0.010s  Memory: 349.00M
XOR differences: 0
"output" in: xor.drc:40
    Polygons (raw): 0 (flat)  0 (hierarchical)
    Elapsed: 0.010s  Memory: 349.00M
--- Running XOR for 67/20 ---
"input" in: xor.drc:38
    Polygons (raw): 2177 (flat)  527 (hierarchical)
    Elapsed: 0.000s  Memory: 349.00M
"input" in: xor.drc:38
    Polygons (raw): 2177 (flat)  212 (hierarchical)
    Elapsed: 0.000s  Memory: 349.00M
"^" in: xor.drc:38
    Polygons (raw): 0 (flat)  0 (hierarchical)
    Elapsed: 0.030s  Memory: 351.00M
XOR differences: 0
"output" in: xor.drc:40
    Polygons (raw): 0 (flat)  0 (hierarchical)
    Elapsed: 0.000s  Memory: 351.00M
--- Running XOR for 67/44 ---
"input" in: xor.drc:38
    Polygons (raw): 6760 (flat)  698 (hierarchical)
    Elapsed: 0.000s  Memory: 351.00M
"input" in: xor.drc:38
    Polygons (raw): 6760 (flat)  383 (hierarchical)
    Elapsed: 0.000s  Memory: 351.00M
"^" in: xor.drc:38
    Polygons (raw): 0 (flat)  0 (hierarchical)
    Elapsed: 0.030s  Memory: 351.00M
XOR differences: 0
"output" in: xor.drc:40
    Polygons (raw): 0 (flat)  0 (hierarchical)
    Elapsed: 0.000s  Memory: 351.00M
--- Running XOR for 67/5 ---
"input" in: xor.drc:38
    Polygons (raw): 0 (flat)  0 (hierarchical)
    Elapsed: 0.000s  Memory: 351.00M
"input" in: xor.drc:38
    Polygons (raw): 0 (flat)  0 (hierarchical)
    Elapsed: 0.010s  Memory: 351.00M
"^" in: xor.drc:38
    Polygons (raw): 0 (flat)  0 (hierarchical)
    Elapsed: 0.000s  Memory: 351.00M
XOR differences: 0
"output" in: xor.drc:40
    Polygons (raw): 0 (flat)  0 (hierarchical)
    Elapsed: 0.000s  Memory: 351.00M
--- Running XOR for 68/16 ---
"input" in: xor.drc:38
    Polygons (raw): 1048 (flat)  64 (hierarchical)
    Elapsed: 0.000s  Memory: 351.00M
"input" in: xor.drc:38
    Polygons (raw): 1048 (flat)  64 (hierarchical)
    Elapsed: 0.000s  Memory: 351.00M
"^" in: xor.drc:38
    Polygons (raw): 0 (flat)  0 (hierarchical)
    Elapsed: 0.010s  Memory: 351.00M
XOR differences: 0
"output" in: xor.drc:40
    Polygons (raw): 0 (flat)  0 (hierarchical)
    Elapsed: 0.010s  Memory: 351.00M
--- Running XOR for 68/20 ---
"input" in: xor.drc:38
    Polygons (raw): 2531 (flat)  1523 (hierarchical)
    Elapsed: 0.000s  Memory: 351.00M
"input" in: xor.drc:38
    Polygons (raw): 2255 (flat)  559 (hierarchical)
    Elapsed: 0.000s  Memory: 351.00M
"^" in: xor.drc:38
    Polygons (raw): 0 (flat)  0 (hierarchical)
    Elapsed: 0.020s  Memory: 351.00M
XOR differences: 0
"output" in: xor.drc:40
    Polygons (raw): 0 (flat)  0 (hierarchical)
    Elapsed: 0.000s  Memory: 351.00M
--- Running XOR for 68/44 ---
"input" in: xor.drc:38
    Polygons (raw): 615 (flat)  615 (hierarchical)
    Elapsed: 0.000s  Memory: 351.00M
"input" in: xor.drc:38
    Polygons (raw): 615 (flat)  6 (hierarchical)
    Elapsed: 0.000s  Memory: 351.00M
"^" in: xor.drc:38
    Polygons (raw): 0 (flat)  0 (hierarchical)
    Elapsed: 0.010s  Memory: 351.00M
XOR differences: 0
"output" in: xor.drc:40
    Polygons (raw): 0 (flat)  0 (hierarchical)
    Elapsed: 0.000s  Memory: 351.00M
--- Running XOR for 68/5 ---
"input" in: xor.drc:38
    Polygons (raw): 0 (flat)  0 (hierarchical)
    Elapsed: 0.000s  Memory: 351.00M
"input" in: xor.drc:38
    Polygons (raw): 0 (flat)  0 (hierarchical)
    Elapsed: 0.000s  Memory: 351.00M
"^" in: xor.drc:38
    Polygons (raw): 0 (flat)  0 (hierarchical)
    Elapsed: 0.010s  Memory: 351.00M
XOR differences: 0
"output" in: xor.drc:40
    Polygons (raw): 0 (flat)  0 (hierarchical)
    Elapsed: 0.000s  Memory: 351.00M
--- Running XOR for 69/16 ---
"input" in: xor.drc:38
    Polygons (raw): 10 (flat)  10 (hierarchical)
    Elapsed: 0.000s  Memory: 351.00M
"input" in: xor.drc:38
    Polygons (raw): 10 (flat)  10 (hierarchical)
    Elapsed: 0.000s  Memory: 351.00M
"^" in: xor.drc:38
    Polygons (raw): 0 (flat)  0 (hierarchical)
    Elapsed: 0.000s  Memory: 351.00M
XOR differences: 0
"output" in: xor.drc:40
    Polygons (raw): 0 (flat)  0 (hierarchical)
    Elapsed: 0.000s  Memory: 351.00M
--- Running XOR for 69/20 ---
"input" in: xor.drc:38
    Polygons (raw): 626 (flat)  626 (hierarchical)
    Elapsed: 0.000s  Memory: 351.00M
"input" in: xor.drc:38
    Polygons (raw): 673 (flat)  232 (hierarchical)
    Elapsed: 0.000s  Memory: 351.00M
"^" in: xor.drc:38
    Polygons (raw): 10 (flat)  10 (hierarchical)
    Elapsed: 0.010s  Memory: 351.00M
XOR differences: 10
"output" in: xor.drc:40
    Polygons (raw): 10 (flat)  10 (hierarchical)
    Elapsed: 0.000s  Memory: 351.00M
--- Running XOR for 69/44 ---
"input" in: xor.drc:38
    Polygons (raw): 250 (flat)  250 (hierarchical)
    Elapsed: 0.000s  Memory: 351.00M
"input" in: xor.drc:38
    Polygons (raw): 250 (flat)  5 (hierarchical)
    Elapsed: 0.000s  Memory: 351.00M
"^" in: xor.drc:38
    Polygons (raw): 0 (flat)  0 (hierarchical)
    Elapsed: 0.000s  Memory: 351.00M
XOR differences: 0
"output" in: xor.drc:40
    Polygons (raw): 0 (flat)  0 (hierarchical)
    Elapsed: 0.000s  Memory: 351.00M
--- Running XOR for 69/5 ---
"input" in: xor.drc:38
    Polygons (raw): 0 (flat)  0 (hierarchical)
    Elapsed: 0.010s  Memory: 351.00M
"input" in: xor.drc:38
    Polygons (raw): 0 (flat)  0 (hierarchical)
    Elapsed: 0.000s  Memory: 351.00M
"^" in: xor.drc:38
    Polygons (raw): 0 (flat)  0 (hierarchical)
    Elapsed: 0.000s  Memory: 351.00M
XOR differences: 0
"output" in: xor.drc:40
    Polygons (raw): 0 (flat)  0 (hierarchical)
    Elapsed: 0.000s  Memory: 351.00M
--- Running XOR for 70/16 ---
"input" in: xor.drc:38
    Polygons (raw): 10 (flat)  10 (hierarchical)
    Elapsed: 0.000s  Memory: 351.00M
"input" in: xor.drc:38
    Polygons (raw): 10 (flat)  10 (hierarchical)
    Elapsed: 0.000s  Memory: 351.00M
"^" in: xor.drc:38
    Polygons (raw): 0 (flat)  0 (hierarchical)
    Elapsed: 0.000s  Memory: 351.00M
XOR differences: 0
"output" in: xor.drc:40
    Polygons (raw): 0 (flat)  0 (hierarchical)
    Elapsed: 0.000s  Memory: 351.00M
--- Running XOR for 70/20 ---
"input" in: xor.drc:38
    Polygons (raw): 110 (flat)  110 (hierarchical)
    Elapsed: 0.000s  Memory: 351.00M
"input" in: xor.drc:38
    Polygons (raw): 140 (flat)  13 (hierarchical)
    Elapsed: 0.000s  Memory: 351.00M
"^" in: xor.drc:38
    Polygons (raw): 10 (flat)  10 (hierarchical)
    Elapsed: 0.000s  Memory: 351.00M
XOR differences: 10
"output" in: xor.drc:40
    Polygons (raw): 10 (flat)  10 (hierarchical)
    Elapsed: 0.000s  Memory: 351.00M
--- Running XOR for 70/44 ---
"input" in: xor.drc:38
    Polygons (raw): 240 (flat)  240 (hierarchical)
    Elapsed: 0.000s  Memory: 351.00M
"input" in: xor.drc:38
    Polygons (raw): 240 (flat)  4 (hierarchical)
    Elapsed: 0.000s  Memory: 351.00M
"^" in: xor.drc:38
    Polygons (raw): 0 (flat)  0 (hierarchical)
    Elapsed: 0.000s  Memory: 351.00M
XOR differences: 0
"output" in: xor.drc:40
    Polygons (raw): 0 (flat)  0 (hierarchical)
    Elapsed: 0.000s  Memory: 351.00M
--- Running XOR for 70/5 ---
"input" in: xor.drc:38
    Polygons (raw): 0 (flat)  0 (hierarchical)
    Elapsed: 0.000s  Memory: 351.00M
"input" in: xor.drc:38
    Polygons (raw): 0 (flat)  0 (hierarchical)
    Elapsed: 0.000s  Memory: 351.00M
"^" in: xor.drc:38
    Polygons (raw): 0 (flat)  0 (hierarchical)
    Elapsed: 0.000s  Memory: 351.00M
XOR differences: 0
"output" in: xor.drc:40
    Polygons (raw): 0 (flat)  0 (hierarchical)
    Elapsed: 0.000s  Memory: 351.00M
--- Running XOR for 71/16 ---
"input" in: xor.drc:38
    Polygons (raw): 5 (flat)  5 (hierarchical)
    Elapsed: 0.000s  Memory: 351.00M
"input" in: xor.drc:38
    Polygons (raw): 5 (flat)  5 (hierarchical)
    Elapsed: 0.000s  Memory: 351.00M
"^" in: xor.drc:38
    Polygons (raw): 0 (flat)  0 (hierarchical)
    Elapsed: 0.010s  Memory: 351.00M
XOR differences: 0
"output" in: xor.drc:40
    Polygons (raw): 0 (flat)  0 (hierarchical)
    Elapsed: 0.000s  Memory: 351.00M
--- Running XOR for 71/20 ---
"input" in: xor.drc:38
    Polygons (raw): 5 (flat)  5 (hierarchical)
    Elapsed: 0.000s  Memory: 351.00M
"input" in: xor.drc:38
    Polygons (raw): 78 (flat)  7 (hierarchical)
    Elapsed: 0.000s  Memory: 351.00M
"^" in: xor.drc:38
    Polygons (raw): 0 (flat)  0 (hierarchical)
    Elapsed: 0.010s  Memory: 351.00M
XOR differences: 0
"output" in: xor.drc:40
    Polygons (raw): 0 (flat)  0 (hierarchical)
    Elapsed: 0.000s  Memory: 351.00M
--- Running XOR for 71/44 ---
"input" in: xor.drc:38
    Polygons (raw): 13 (flat)  13 (hierarchical)
    Elapsed: 0.000s  Memory: 351.00M
"input" in: xor.drc:38
    Polygons (raw): 13 (flat)  1 (hierarchical)
    Elapsed: 0.000s  Memory: 351.00M
"^" in: xor.drc:38
    Polygons (raw): 20 (flat)  20 (hierarchical)
    Elapsed: 0.000s  Memory: 351.00M
XOR differences: 20
"output" in: xor.drc:40
    Polygons (raw): 20 (flat)  20 (hierarchical)
    Elapsed: 0.000s  Memory: 351.00M
--- Running XOR for 71/5 ---
"input" in: xor.drc:38
    Polygons (raw): 0 (flat)  0 (hierarchical)
    Elapsed: 0.000s  Memory: 351.00M
"input" in: xor.drc:38
    Polygons (raw): 0 (flat)  0 (hierarchical)
    Elapsed: 0.000s  Memory: 351.00M
"^" in: xor.drc:38
    Polygons (raw): 0 (flat)  0 (hierarchical)
    Elapsed: 0.010s  Memory: 351.00M
XOR differences: 0
"output" in: xor.drc:40
    Polygons (raw): 0 (flat)  0 (hierarchical)
    Elapsed: 0.000s  Memory: 351.00M
--- Running XOR for 72/16 ---
"input" in: xor.drc:38
    Polygons (raw): 5 (flat)  5 (hierarchical)
    Elapsed: 0.000s  Memory: 351.00M
"input" in: xor.drc:38
    Polygons (raw): 5 (flat)  5 (hierarchical)
    Elapsed: 0.000s  Memory: 351.00M
"^" in: xor.drc:38
    Polygons (raw): 8 (flat)  8 (hierarchical)
    Elapsed: 0.000s  Memory: 351.00M
XOR differences: 8
"output" in: xor.drc:40
    Polygons (raw): 8 (flat)  8 (hierarchical)
    Elapsed: 0.010s  Memory: 351.00M
--- Running XOR for 72/20 ---
"input" in: xor.drc:38
    Polygons (raw): 5 (flat)  5 (hierarchical)
    Elapsed: 0.000s  Memory: 351.00M
"input" in: xor.drc:38
    Polygons (raw): 18 (flat)  6 (hierarchical)
    Elapsed: 0.000s  Memory: 351.00M
"^" in: xor.drc:38
    Polygons (raw): 8 (flat)  8 (hierarchical)
    Elapsed: 0.010s  Memory: 351.00M
XOR differences: 8
"output" in: xor.drc:40
    Polygons (raw): 8 (flat)  8 (hierarchical)
    Elapsed: 0.000s  Memory: 351.00M
--- Running XOR for 72/5 ---
"input" in: xor.drc:38
    Polygons (raw): 0 (flat)  0 (hierarchical)
    Elapsed: 0.000s  Memory: 351.00M
"input" in: xor.drc:38
    Polygons (raw): 0 (flat)  0 (hierarchical)
    Elapsed: 0.000s  Memory: 351.00M
"^" in: xor.drc:38
    Polygons (raw): 0 (flat)  0 (hierarchical)
    Elapsed: 0.000s  Memory: 351.00M
XOR differences: 0
"output" in: xor.drc:40
    Polygons (raw): 0 (flat)  0 (hierarchical)
    Elapsed: 0.000s  Memory: 351.00M
--- Running XOR for 78/44 ---
"input" in: xor.drc:38
    Polygons (raw): 527 (flat)  33 (hierarchical)
    Elapsed: 0.000s  Memory: 351.00M
"input" in: xor.drc:38
    Polygons (raw): 527 (flat)  33 (hierarchical)
    Elapsed: 0.000s  Memory: 351.00M
"^" in: xor.drc:38
    Polygons (raw): 0 (flat)  0 (hierarchical)
    Elapsed: 0.010s  Memory: 351.00M
XOR differences: 0
"output" in: xor.drc:40
    Polygons (raw): 0 (flat)  0 (hierarchical)
    Elapsed: 0.000s  Memory: 351.00M
--- Running XOR for 81/4 ---
"input" in: xor.drc:38
    Polygons (raw): 521 (flat)  31 (hierarchical)
    Elapsed: 0.000s  Memory: 351.00M
"input" in: xor.drc:38
    Polygons (raw): 521 (flat)  31 (hierarchical)
    Elapsed: 0.000s  Memory: 351.00M
"^" in: xor.drc:38
    Polygons (raw): 0 (flat)  0 (hierarchical)
    Elapsed: 0.010s  Memory: 351.00M
XOR differences: 0
"output" in: xor.drc:40
    Polygons (raw): 0 (flat)  0 (hierarchical)
    Elapsed: 0.000s  Memory: 351.00M
--- Running XOR for 83/44 ---
"input" in: xor.drc:38
    Polygons (raw): 0 (flat)  0 (hierarchical)
    Elapsed: 0.000s  Memory: 351.00M
"input" in: xor.drc:38
    Polygons (raw): 0 (flat)  0 (hierarchical)
    Elapsed: 0.000s  Memory: 351.00M
"^" in: xor.drc:38
    Polygons (raw): 0 (flat)  0 (hierarchical)
    Elapsed: 0.000s  Memory: 351.00M
XOR differences: 0
"output" in: xor.drc:40
    Polygons (raw): 0 (flat)  0 (hierarchical)
    Elapsed: 0.010s  Memory: 351.00M
--- Running XOR for 93/44 ---
"input" in: xor.drc:38
    Polygons (raw): 571 (flat)  32 (hierarchical)
    Elapsed: 0.000s  Memory: 351.00M
"input" in: xor.drc:38
    Polygons (raw): 571 (flat)  32 (hierarchical)
    Elapsed: 0.000s  Memory: 351.00M
"^" in: xor.drc:38
    Polygons (raw): 0 (flat)  0 (hierarchical)
    Elapsed: 0.000s  Memory: 351.00M
XOR differences: 0
"output" in: xor.drc:40
    Polygons (raw): 0 (flat)  0 (hierarchical)
    Elapsed: 0.000s  Memory: 351.00M
--- Running XOR for 94/20 ---
"input" in: xor.drc:38
    Polygons (raw): 571 (flat)  32 (hierarchical)
    Elapsed: 0.010s  Memory: 351.00M
"input" in: xor.drc:38
    Polygons (raw): 571 (flat)  32 (hierarchical)
    Elapsed: 0.000s  Memory: 351.00M
"^" in: xor.drc:38
    Polygons (raw): 0 (flat)  0 (hierarchical)
    Elapsed: 0.000s  Memory: 351.00M
XOR differences: 0
"output" in: xor.drc:40
    Polygons (raw): 0 (flat)  0 (hierarchical)
    Elapsed: 0.010s  Memory: 351.00M
--- Running XOR for 95/20 ---
"input" in: xor.drc:38
    Polygons (raw): 421 (flat)  32 (hierarchical)
    Elapsed: 0.000s  Memory: 351.00M
"input" in: xor.drc:38
    Polygons (raw): 421 (flat)  32 (hierarchical)
    Elapsed: 0.000s  Memory: 351.00M
"^" in: xor.drc:38
    Polygons (raw): 0 (flat)  0 (hierarchical)
    Elapsed: 0.010s  Memory: 351.00M
XOR differences: 0
"output" in: xor.drc:40
    Polygons (raw): 0 (flat)  0 (hierarchical)
    Elapsed: 0.000s  Memory: 351.00M
Writing report database: /openlane/designs/counter_16b/runs/RUN_2022.03.17_11.20.16/reports/finishing/counter_16b.xor.xml ..
Total elapsed: 0.460s  Memory: 351.00M
