OpenROAD 944855835623e651e7b9c7c50efcce1fb04b4fee 
This program is licensed under the BSD-3 license. See the LICENSE file for details.
Components of this program may be licensed under more restrictive licenses which must be honored.
[INFO ODB-0222] Reading LEF file: /openlane/designs/counter_16b/runs/RUN_2022.03.17_11.20.16/tmp/merged_unpadded.lef
[INFO ODB-0223]     Created 13 technology layers
[INFO ODB-0224]     Created 25 technology vias
[INFO ODB-0225]     Created 441 library cells
[INFO ODB-0226] Finished LEF file:  /openlane/designs/counter_16b/runs/RUN_2022.03.17_11.20.16/tmp/merged_unpadded.lef
[INFO ODB-0127] Reading DEF file: /openlane/designs/counter_16b/runs/RUN_2022.03.17_11.20.16/tmp/placement/8-resizer.def
[INFO ODB-0128] Design: counter_16b
[INFO ODB-0130]     Created 22 pins.
[INFO ODB-0131]     Created 196 components and 1000 component-terminals.
[INFO ODB-0132]     Created 2 special nets and 684 connections.
[INFO ODB-0133]     Created 103 nets and 316 connections.
[INFO ODB-0134] Finished DEF file: /openlane/designs/counter_16b/runs/RUN_2022.03.17_11.20.16/tmp/placement/8-resizer.def
Placement Analysis
---------------------------------
total displacement          0.0 u
average displacement        0.0 u
max displacement            0.0 u
original HPWL            2036.6 u
legalized HPWL           2100.0 u
delta HPWL                    3 %

[INFO DPL-0020] Mirrored 39 instances
[INFO DPL-0021] HPWL before            2100.0 u
[INFO DPL-0022] HPWL after             2036.6 u
[INFO DPL-0023] HPWL delta               -3.0 %
