OpenROAD 944855835623e651e7b9c7c50efcce1fb04b4fee 
This program is licensed under the BSD-3 license. See the LICENSE file for details.
Components of this program may be licensed under more restrictive licenses which must be honored.
[INFO ODB-0222] Reading LEF file: /openlane/designs/counter_16b/runs/RUN_2022.03.17_11.20.16/tmp/merged_unpadded.lef
[INFO ODB-0223]     Created 13 technology layers
[INFO ODB-0224]     Created 25 technology vias
[INFO ODB-0225]     Created 441 library cells
[INFO ODB-0226] Finished LEF file:  /openlane/designs/counter_16b/runs/RUN_2022.03.17_11.20.16/tmp/merged_unpadded.lef
[INFO ODB-0127] Reading DEF file: /openlane/designs/counter_16b/runs/RUN_2022.03.17_11.20.16/tmp/floorplan/4-io.def
[INFO ODB-0128] Design: counter_16b
[INFO ODB-0130]     Created 20 pins.
[INFO ODB-0131]     Created 80 components and 596 component-terminals.
[INFO ODB-0133]     Created 83 nets and 276 connections.
[INFO ODB-0134] Finished DEF file: /openlane/designs/counter_16b/runs/RUN_2022.03.17_11.20.16/tmp/floorplan/4-io.def
[WARNING TAP-0014] endcap_cpp option is deprecated.
[INFO TAP-0001] Found 0 macro blocks.
[INFO TAP-0002] Original rows: 23
[INFO TAP-0003] Created 0 rows for a total of 23 rows.
[INFO TAP-0004] Inserted 46 endcaps.
[INFO TAP-0005] Inserted 50 tapcells.
